#
# A fatal error has been detected by the Java Runtime Environment:
#
#  EXCEPTION_ACCESS_VIOLATION (0xc0000005) at pc=0x0000000000000000, pid=26304, tid=29316
#
# JRE version: OpenJDK Runtime Environment Temurin-11.0.30+7 (11.0.30+7) (build 11.0.30+7)
# Java VM: OpenJDK 64-Bit Server VM Temurin-11.0.30+7 (11.0.30+7, mixed mode, tiered, compressed oops, g1 gc, windows-amd64)
# Problematic frame:
# C  0x0000000000000000
#
# No core dump will be written. Minidumps are not enabled by default on client versions of Windows
#
# If you would like to submit a bug report, please visit:
#   https://github.com/adoptium/adoptium-support/issues
#

---------------  S U M M A R Y ------------

Command Line: --add-exports=java.desktop/com.apple.eawt=ALL-UNNAMED -Dfile.encoding=windows-1252 -Duser.country=US -Duser.language=en -Duser.variant -ea com.runelite.poisondynamite.PoisonDynamitePluginTest --developer-mode --debug

Host: AMD Ryzen 7 9800X3D 8-Core Processor           , 16 cores, 31G,  Windows 11 , 64 bit Build 26100 (10.0.26100.4768)
Time: Mon Mar  2 22:00:59 2026 Eastern Standard Time elapsed time: 86.462452 seconds (0d 0h 1m 26s)

---------------  T H R E A D  ---------------

Current thread (0x00000273675d6000):  VMThread "VM Thread" [stack: 0x000000e8c8b00000,0x000000e8c8c00000] [id=29316]

Stack: [0x000000e8c8b00000,0x000000e8c8c00000],  sp=0x000000e8c8bff268,  free space=1020k
Native frames: (J=compiled Java code, j=interpreted, Vv=VM code, C=native code)


siginfo: EXCEPTION_ACCESS_VIOLATION (0xc0000005), data execution prevention violation at address 0x0000000000000000


Register to memory mapping:

RIP=0x0 is NULL
RAX=0x0 is NULL
RBX=0x0 is NULL
RCX=0x000000e8c818c000 points into unknown readable memory: 0x0000000000000000 | 00 00 00 00 00 00 00 00
RDX=0x0 is NULL
RSP=0x000000e8c8bff268 points into unknown readable memory: 0x00007fff8acd6417 | 17 64 cd 8a ff 7f 00 00
RBP=0x000000e8c8bff730 points into unknown readable memory: 0x000000000000001f | 1f 00 00 00 00 00 00 00
RSI=0x0000000000010001 is an unknown value
RDI=0x0 is NULL
R8 =0x0000000000000007 is an unknown value
R9 =0x00000000000002c8 is an unknown value
R10=0x0000000000000059 is an unknown value
R11=0x00000000c0000008 is an unknown value
R12=0x0000000000000001 is an unknown value
R13=0x00007fff5af4bdf0 opengl32.dll
R14=0x0 is NULL
R15=0x00007fff5aef0000 opengl32.dll


Registers:
RAX=0x0000000000000000, RBX=0x0000000000000000, RCX=0x000000e8c818c000, RDX=0x0000000000000000
RSP=0x000000e8c8bff268, RBP=0x000000e8c8bff730, RSI=0x0000000000010001, RDI=0x0000000000000000
R8 =0x0000000000000007, R9 =0x00000000000002c8, R10=0x0000000000000059, R11=0x00000000c0000008
R12=0x0000000000000001, R13=0x00007fff5af4bdf0, R14=0x0000000000000000, R15=0x00007fff5aef0000
RIP=0x0000000000000000, EFLAGS=0x0000000000010202

Top of Stack: (sp=0x000000e8c8bff268)
0x000000e8c8bff268:   00007fff8acd6417 0000000000000000
0x000000e8c8bff278:   00007fff00000000 0000000000000000
0x000000e8c8bff288:   0000000000000000 000000e8c8bff730
0x000000e8c8bff298:   00007fff8acd807e 0000000000000000
0x000000e8c8bff2a8:   000000000000007e 0000027369660cd0
0x000000e8c8bff2b8:   00007fff932e43e1 00007fff5aef0000
0x000000e8c8bff2c8:   00007fff5aefca16 0000000000000001
0x000000e8c8bff2d8:   0000000000000001 0000027369660cd0
0x000000e8c8bff2e8:   00007fff932e4273 0000000000000001
0x000000e8c8bff2f8:   00007fff5aefc7d0 000000e8c8bff730
0x000000e8c8bff308:   00007fff89039730 00007fff5aef0000
0x000000e8c8bff318:   0000000000000000 0000000000000000
0x000000e8c8bff328:   00007fff5aefc255 0000000000000000
0x000000e8c8bff338:   000000e8c8bff730 00007fff5aef0000
0x000000e8c8bff348:   000002737dee67f0 0000000000000000
0x000000e8c8bff358:   00007fff5af4bf19 0000000000000001 

Instructions: (pc=0x0000000000000000)
0xffffffffffffff00:   


Stack slot to memory mapping:
stack at sp + 0 slots: 0x00007fff8acd6417 graphics-hook64.dll
stack at sp + 1 slots: 0x0 is NULL
stack at sp + 2 slots: 0x00007fff00000000 is an unknown value
stack at sp + 3 slots: 0x0 is NULL
stack at sp + 4 slots: 0x0 is NULL
stack at sp + 5 slots: 0x000000e8c8bff730 points into unknown readable memory: 0x000000000000001f | 1f 00 00 00 00 00 00 00
stack at sp + 6 slots: 0x00007fff8acd807e graphics-hook64.dll
stack at sp + 7 slots: 0x0 is NULL

VM_Operation (0x000000e8c84ff260): Exit, mode: safepoint, requested by thread 0x0000027303c52800


---------------  P R O C E S S  ---------------

Threads class SMR info:
_java_thread_list=0x0000027377a88540, length=37, elements={
0x00000273675ff000, 0x000002736760c800, 0x0000027367659800, 0x000002736765d000,
0x0000027367660000, 0x0000027367661000, 0x0000027367666800, 0x0000027367668000,
0x0000027367856000, 0x0000027368fbc800, 0x0000027368fa9800, 0x00000273692af800,
0x00000273735b6000, 0x0000027373561000, 0x0000027373564800, 0x0000027373562000,
0x0000027373567800, 0x0000027373566000, 0x0000027375910000, 0x0000027375914000,
0x0000027375911800, 0x000002737590f000, 0x0000027375917800, 0x0000027375918000,
0x0000027373565800, 0x000002737be6b800, 0x000002737be6a000, 0x000002737be6f000,
0x000002737be6c800, 0x000002737be6d800, 0x000002737be70800, 0x000002737be74000,
0x000002737be71800, 0x000002737be73000, 0x0000027375916000, 0x0000027303c50000,
0x0000027303c52800
}

Java Threads: ( => current thread )
  0x00000273675ff000 JavaThread "Reference Handler" daemon [_thread_blocked, id=21932, stack(0x000000e8c8c00000,0x000000e8c8d00000)]
  0x000002736760c800 JavaThread "Finalizer" daemon [_thread_blocked, id=21648, stack(0x000000e8c8d00000,0x000000e8c8e00000)]
  0x0000027367659800 JavaThread "Signal Dispatcher" daemon [_thread_blocked, id=29100, stack(0x000000e8c8e00000,0x000000e8c8f00000)]
  0x000002736765d000 JavaThread "Attach Listener" daemon [_thread_blocked, id=6820, stack(0x000000e8c8f00000,0x000000e8c9000000)]
  0x0000027367660000 JavaThread "Service Thread" daemon [_thread_blocked, id=28116, stack(0x000000e8c9000000,0x000000e8c9100000)]
  0x0000027367661000 JavaThread "C2 CompilerThread0" daemon [_thread_blocked, id=28688, stack(0x000000e8c9100000,0x000000e8c9200000)]
  0x0000027367666800 JavaThread "C1 CompilerThread0" daemon [_thread_blocked, id=28016, stack(0x000000e8c9200000,0x000000e8c9300000)]
  0x0000027367668000 JavaThread "Sweeper thread" daemon [_thread_blocked, id=25768, stack(0x000000e8c9300000,0x000000e8c9400000)]
  0x0000027367856000 JavaThread "Common-Cleaner" daemon [_thread_blocked, id=27712, stack(0x000000e8c9500000,0x000000e8c9600000)]
  0x0000027368fbc800 JavaThread "Java2D Disposer" daemon [_thread_blocked, id=27104, stack(0x000000e8ca900000,0x000000e8caa00000)]
  0x0000027368fa9800 JavaThread "AWT-Shutdown" [_thread_blocked, id=27700, stack(0x000000e8caa00000,0x000000e8cab00000)]
  0x00000273692af800 JavaThread "AWT-EventQueue-0" [_thread_blocked, id=29388, stack(0x000000e8cac00000,0x000000e8cad00000)]
  0x00000273735b6000 JavaThread "TimerQueue" daemon [_thread_blocked, id=23168, stack(0x000000e8c9900000,0x000000e8c9a00000)]
  0x0000027373561000 JavaThread "OkHttp static.runelite.net Writer" [_thread_blocked, id=29400, stack(0x000000e8cb390000,0x000000e8cb490000)]
  0x0000027373564800 JavaThread "OkHttp static.runelite.net" [_thread_in_native, id=25132, stack(0x000000e8cb490000,0x000000e8cb590000)]
  0x0000027373562000 JavaThread "OkHttp ConnectionPool" daemon [_thread_blocked, id=23868, stack(0x000000e8cb590000,0x000000e8cb690000)]
  0x0000027373567800 JavaThread "Okio Watchdog" daemon [_thread_blocked, id=27636, stack(0x000000e8cb690000,0x000000e8cb790000)]
  0x0000027373566000 JavaThread "pool-2-thread-1" [_thread_blocked, id=26792, stack(0x000000e8cb890000,0x000000e8cb990000)]
  0x0000027375910000 JavaThread "Java Sound Event Dispatcher" daemon [_thread_blocked, id=28072, stack(0x000000e8cc790000,0x000000e8cc890000)]
  0x0000027375914000 JavaThread "Tick Timer" [_thread_blocked, id=29380, stack(0x000000e8cd590000,0x000000e8cd690000)]
  0x0000027375911800 JavaThread "Tock Timer" [_thread_blocked, id=27216, stack(0x000000e8cd690000,0x000000e8cd790000)]
  0x000002737590f000 JavaThread "pool-8-thread-1" [_thread_blocked, id=26056, stack(0x000000e8cd990000,0x000000e8cda90000)]
  0x0000027375917800 JavaThread "WebSocketSelector-54" daemon [_thread_in_native, id=24932, stack(0x000000e8cdd90000,0x000000e8cde90000)]
  0x0000027375918000 JavaThread "connectionLostChecker-1" daemon [_thread_blocked, id=2880, stack(0x000000e8cde90000,0x000000e8cdf90000)]
  0x0000027373565800 JavaThread "WebSocketWorker-53" daemon [_thread_blocked, id=23840, stack(0x000000e8cdf90000,0x000000e8ce090000)]
  0x000002737be6b800 JavaThread "OkHttp sync.runescape.wiki Writer" [_thread_blocked, id=23616, stack(0x000000e8ce090000,0x000000e8ce190000)]
  0x000002737be6a000 JavaThread "OkHttp sync.runescape.wiki" [_thread_in_native, id=24640, stack(0x000000e8ce190000,0x000000e8ce290000)]
  0x000002737be6f000 JavaThread "OkHttp templeosrs.com Writer" [_thread_blocked, id=23044, stack(0x000000e8ce390000,0x000000e8ce490000)]
  0x000002737be6c800 JavaThread "OkHttp templeosrs.com" [_thread_in_native, id=18100, stack(0x000000e8ce490000,0x000000e8ce590000)]
  0x000002737be6d800 JavaThread "ForkJoinPool.commonPool-worker-19" daemon [_thread_blocked, id=5496, stack(0x000000e8cb990000,0x000000e8cba90000)]
  0x000002737be70800 JavaThread "OkHttp Dispatcher" [_thread_blocked, id=26208, stack(0x000000e8ce790000,0x000000e8ce890000)]
  0x000002737be74000 JavaThread "OkHttp raw.githubusercontent.com Writer" [_thread_blocked, id=28904, stack(0x000000e8ce890000,0x000000e8ce990000)]
  0x000002737be71800 JavaThread "OkHttp raw.githubusercontent.com" [_thread_in_native, id=26840, stack(0x000000e8ce990000,0x000000e8cea90000)]
  0x000002737be73000 JavaThread "DestroyJavaVM" [_thread_blocked, id=27788, stack(0x000000e8c8500000,0x000000e8c8600000)]
  0x0000027375916000 JavaThread "Map Loader" daemon [_thread_blocked, id=8456, stack(0x000000e8cc190000,0x000000e8cc290000)]
  0x0000027303c50000 JavaThread "wikisync-dps-manager-0" daemon [_thread_blocked, id=23640, stack(0x000000e8cf9d0000,0x000000e8cfad0000)]
  0x0000027303c52800 JavaThread "RuneLite Shutdown" [_thread_blocked, id=28968, stack(0x000000e8c8400000,0x000000e8c8500000)]

Other Threads:
=>0x00000273675d6000 VMThread "VM Thread" [stack: 0x000000e8c8b00000,0x000000e8c8c00000] [id=29316]
  0x0000027339ba2000 GCTaskThread "GC Thread#0" [stack: 0x000000e8c8600000,0x000000e8c8700000] [id=27416]
  0x0000027368926000 GCTaskThread "GC Thread#1" [stack: 0x000000e8c9d00000,0x000000e8c9e00000] [id=26516]
  0x0000027368bc6800 GCTaskThread "GC Thread#2" [stack: 0x000000e8c9e00000,0x000000e8c9f00000] [id=27196]
  0x0000027368f7b000 GCTaskThread "GC Thread#3" [stack: 0x000000e8c9f00000,0x000000e8ca000000] [id=27928]
  0x0000027368f7c000 GCTaskThread "GC Thread#4" [stack: 0x000000e8ca000000,0x000000e8ca100000] [id=29060]
  0x0000027367673800 GCTaskThread "GC Thread#5" [stack: 0x000000e8ca100000,0x000000e8ca200000] [id=27972]
  0x0000027367676800 GCTaskThread "GC Thread#6" [stack: 0x000000e8ca200000,0x000000e8ca300000] [id=28416]
  0x0000027367677800 GCTaskThread "GC Thread#7" [stack: 0x000000e8ca300000,0x000000e8ca400000] [id=28008]
  0x000002736767a000 GCTaskThread "GC Thread#8" [stack: 0x000000e8ca400000,0x000000e8ca500000] [id=3588]
  0x0000027368b2d800 GCTaskThread "GC Thread#9" [stack: 0x000000e8ca500000,0x000000e8ca600000] [id=28112]
  0x0000027368b2e800 GCTaskThread "GC Thread#10" [stack: 0x000000e8ca600000,0x000000e8ca700000] [id=29484]
  0x0000027368b2f000 GCTaskThread "GC Thread#11" [stack: 0x000000e8ca700000,0x000000e8ca800000] [id=27776]
  0x0000027373990800 GCTaskThread "GC Thread#12" [stack: 0x000000e8c9a00000,0x000000e8c9b00000] [id=28588]
  0x0000027339c20800 ConcurrentGCThread "G1 Main Marker" [stack: 0x000000e8c8700000,0x000000e8c8800000] [id=27716]
  0x0000027339c23000 ConcurrentGCThread "G1 Conc#0" [stack: 0x000000e8c8800000,0x000000e8c8900000] [id=28200]
  0x0000027368b36000 ConcurrentGCThread "G1 Conc#1" [stack: 0x000000e8cad00000,0x000000e8cae00000] [id=27540]
  0x0000027368b37000 ConcurrentGCThread "G1 Conc#2" [stack: 0x000000e8cae00000,0x000000e8caf00000] [id=26964]
  0x0000027367104800 ConcurrentGCThread "G1 Refine#0" [stack: 0x000000e8c8900000,0x000000e8c8a00000] [id=27192]
  0x0000027378492800 ConcurrentGCThread "G1 Refine#1" [stack: 0x000000e8cce90000,0x000000e8ccf90000] [id=28092]
  0x0000027378494000 ConcurrentGCThread "G1 Refine#2" [stack: 0x000000e8ccf90000,0x000000e8cd090000] [id=26472]
  0x0000027378495000 ConcurrentGCThread "G1 Refine#3" [stack: 0x000000e8cd090000,0x000000e8cd190000] [id=25880]
  0x0000027378496800 ConcurrentGCThread "G1 Refine#4" [stack: 0x000000e8cd190000,0x000000e8cd290000] [id=6236]
  0x0000027378497800 ConcurrentGCThread "G1 Refine#5" [stack: 0x000000e8cd290000,0x000000e8cd390000] [id=29412]
  0x000002737849c000 ConcurrentGCThread "G1 Refine#6" [stack: 0x000000e8cd390000,0x000000e8cd490000] [id=28108]
  0x000002730404c800 ConcurrentGCThread "G1 Refine#7" [stack: 0x000000e8cfad0000,0x000000e8cfbd0000] [id=4808]
  0x000002736710e800 ConcurrentGCThread "G1 Young RemSet Sampling" [stack: 0x000000e8c8a00000,0x000000e8c8b00000] [id=27872]

Threads with active compile tasks:

VM state:at safepoint (shutting down)

VM Mutex/Monitor currently owned by a thread:  ([mutex/lock_event])
[0x00000273377a53c0] Threads_lock - owner thread: 0x00000273675d6000

Heap address: 0x000000060d400000, size: 7980 MB, Compressed Oops mode: Zero based, Oop shift amount: 3
Narrow klass base: 0x0000000800000000, Narrow klass shift: 0
Compressed class space size: 1073741824 Address: 0x0000000800000000

Heap:
 garbage-first heap   total 614400K, used 229404K [0x000000060d400000, 0x0000000800000000)
  region size 2048K, 19 young (38912K), 0 survivors (0K)
 Metaspace       used 120440K, capacity 129295K, committed 129476K, reserved 1163264K
  class space    used 12709K, capacity 15830K, committed 15872K, reserved 1048576K
Heap Regions: E=young(eden), S=young(survivor), O=old, HS=humongous(starts), HC=humongous(continues), CS=collection set, F=free, A=archive, TAMS=top-at-mark-start (previous, next)
|   0|0x000000060d400000, 0x000000060d5ffff0, 0x000000060d600000| 99%| O|  |TAMS 0x000000060d400000, 0x000000060d400000| Untracked 
|   1|0x000000060d600000, 0x000000060d7f3658, 0x000000060d800000| 97%| O|  |TAMS 0x000000060d600000, 0x000000060d600000| Untracked 
|   2|0x000000060d800000, 0x000000060d9fffe0, 0x000000060da00000| 99%| O|  |TAMS 0x000000060d800000, 0x000000060d800000| Untracked 
|   3|0x000000060da00000, 0x000000060dbffff8, 0x000000060dc00000| 99%| O|  |TAMS 0x000000060da00000, 0x000000060da00000| Untracked 
|   4|0x000000060dc00000, 0x000000060ddffff8, 0x000000060de00000| 99%| O|  |TAMS 0x000000060dc00000, 0x000000060dc00000| Untracked 
|   5|0x000000060de00000, 0x000000060dfffff0, 0x000000060e000000| 99%| O|  |TAMS 0x000000060de00000, 0x000000060de00000| Untracked 
|   6|0x000000060e000000, 0x000000060e1fffb0, 0x000000060e200000| 99%| O|  |TAMS 0x000000060e000000, 0x000000060e000000| Untracked 
|   7|0x000000060e200000, 0x000000060e3fff70, 0x000000060e400000| 99%| O|  |TAMS 0x000000060e200000, 0x000000060e200000| Untracked 
|   8|0x000000060e400000, 0x000000060e5ffff8, 0x000000060e600000| 99%| O|  |TAMS 0x000000060e400000, 0x000000060e400000| Untracked 
|   9|0x000000060e600000, 0x000000060e7ffff0, 0x000000060e800000| 99%| O|  |TAMS 0x000000060e600000, 0x000000060e600000| Untracked 
|  10|0x000000060e800000, 0x000000060e9fffe8, 0x000000060ea00000| 99%| O|  |TAMS 0x000000060e800000, 0x000000060e800000| Untracked 
|  11|0x000000060ea00000, 0x000000060ebfffe8, 0x000000060ec00000| 99%| O|  |TAMS 0x000000060ea00000, 0x000000060ea00000| Untracked 
|  12|0x000000060ec00000, 0x000000060edffff8, 0x000000060ee00000| 99%| O|  |TAMS 0x000000060ec00000, 0x000000060ec00000| Untracked 
|  13|0x000000060ee00000, 0x000000060efffff0, 0x000000060f000000| 99%| O|  |TAMS 0x000000060ee00000, 0x000000060ee00000| Untracked 
|  14|0x000000060f000000, 0x000000060f1ffff0, 0x000000060f200000| 99%| O|  |TAMS 0x000000060f000000, 0x000000060f000000| Untracked 
|  15|0x000000060f200000, 0x000000060f400000, 0x000000060f400000|100%| O|  |TAMS 0x000000060f200000, 0x000000060f200000| Untracked 
|  16|0x000000060f400000, 0x000000060f5fffd0, 0x000000060f600000| 99%| O|  |TAMS 0x000000060f400000, 0x000000060f400000| Untracked 
|  17|0x000000060f600000, 0x000000060f7fed08, 0x000000060f800000| 99%| O|  |TAMS 0x000000060f600000, 0x000000060f600000| Untracked 
|  18|0x000000060f800000, 0x000000060f9ffc60, 0x000000060fa00000| 99%| O|  |TAMS 0x000000060f800000, 0x000000060f800000| Untracked 
|  19|0x000000060fa00000, 0x000000060fbffcd8, 0x000000060fc00000| 99%| O|  |TAMS 0x000000060fa00000, 0x000000060fa00000| Untracked 
|  20|0x000000060fc00000, 0x000000060fdffe70, 0x000000060fe00000| 99%| O|  |TAMS 0x000000060fc00000, 0x000000060fc00000| Untracked 
|  21|0x000000060fe00000, 0x000000060ffffa38, 0x0000000610000000| 99%| O|  |TAMS 0x000000060fe00000, 0x000000060fe00000| Untracked 
|  22|0x0000000610000000, 0x00000006101ffe00, 0x0000000610200000| 99%| O|  |TAMS 0x0000000610000000, 0x0000000610000000| Untracked 
|  23|0x0000000610200000, 0x00000006103fffe8, 0x0000000610400000| 99%| O|  |TAMS 0x0000000610200000, 0x0000000610200000| Untracked 
|  24|0x0000000610400000, 0x00000006105ffca8, 0x0000000610600000| 99%| O|  |TAMS 0x0000000610400000, 0x0000000610400000| Untracked 
|  25|0x0000000610600000, 0x00000006107ff968, 0x0000000610800000| 99%| O|  |TAMS 0x0000000610600000, 0x0000000610600000| Untracked 
|  26|0x0000000610800000, 0x0000000610a00000, 0x0000000610a00000|100%| O|  |TAMS 0x0000000610800000, 0x0000000610800000| Untracked 
|  27|0x0000000610a00000, 0x0000000610bfffd0, 0x0000000610c00000| 99%| O|  |TAMS 0x0000000610a00000, 0x0000000610a00000| Untracked 
|  28|0x0000000610c00000, 0x0000000610dffff8, 0x0000000610e00000| 99%| O|  |TAMS 0x0000000610c00000, 0x0000000610c00000| Untracked 
|  29|0x0000000610e00000, 0x0000000610fffff0, 0x0000000611000000| 99%| O|  |TAMS 0x0000000610e00000, 0x0000000610e00000| Untracked 
|  30|0x0000000611000000, 0x00000006111ffde8, 0x0000000611200000| 99%| O|  |TAMS 0x0000000611000000, 0x0000000611000000| Untracked 
|  31|0x0000000611200000, 0x0000000611400000, 0x0000000611400000|100%|HS|  |TAMS 0x0000000611200000, 0x0000000611200000| Untracked 
|  32|0x0000000611400000, 0x00000006115fffd0, 0x0000000611600000| 99%| O|  |TAMS 0x0000000611400000, 0x0000000611400000| Untracked 
|  33|0x0000000611600000, 0x0000000611666a78, 0x0000000611800000| 20%| O|  |TAMS 0x0000000611600000, 0x0000000611600000| Untracked 
|  34|0x0000000611800000, 0x00000006119fe520, 0x0000000611a00000| 99%| O|  |TAMS 0x0000000611800000, 0x0000000611800000| Untracked 
|  35|0x0000000611a00000, 0x0000000611bfffe0, 0x0000000611c00000| 99%| O|  |TAMS 0x0000000611a00000, 0x0000000611a00000| Untracked 
|  36|0x0000000611c00000, 0x0000000611dffc40, 0x0000000611e00000| 99%| O|  |TAMS 0x0000000611c00000, 0x0000000611c00000| Untracked 
|  37|0x0000000611e00000, 0x0000000611fffff0, 0x0000000612000000| 99%| O|  |TAMS 0x0000000611e00000, 0x0000000611e00000| Untracked 
|  38|0x0000000612000000, 0x00000006121fffe8, 0x0000000612200000| 99%| O|  |TAMS 0x0000000612000000, 0x0000000612000000| Untracked 
|  39|0x0000000612200000, 0x0000000612400000, 0x0000000612400000|100%| O|  |TAMS 0x0000000612200000, 0x0000000612200000| Untracked 
|  40|0x0000000612400000, 0x00000006125ff190, 0x0000000612600000| 99%| O|  |TAMS 0x0000000612400000, 0x0000000612400000| Untracked 
|  41|0x0000000612600000, 0x00000006127ffff0, 0x0000000612800000| 99%| O|  |TAMS 0x0000000612600000, 0x0000000612600000| Untracked 
|  42|0x0000000612800000, 0x0000000612948470, 0x0000000612a00000| 64%| O|  |TAMS 0x0000000612800000, 0x0000000612800000| Untracked 
|  43|0x0000000612a00000, 0x0000000612bfffd8, 0x0000000612c00000| 99%| O|  |TAMS 0x0000000612a00000, 0x0000000612a00000| Untracked 
|  44|0x0000000612c00000, 0x0000000612e00000, 0x0000000612e00000|100%|HS|  |TAMS 0x0000000612c00000, 0x0000000612c00000| Untracked 
|  45|0x0000000612e00000, 0x0000000612ffffd0, 0x0000000613000000| 99%| O|  |TAMS 0x0000000612e00000, 0x0000000612e00000| Untracked 
|  46|0x0000000613000000, 0x0000000613200000, 0x0000000613200000|100%| O|  |TAMS 0x0000000613000000, 0x0000000613000000| Untracked 
|  47|0x0000000613200000, 0x00000006133fffc8, 0x0000000613400000| 99%| O|  |TAMS 0x0000000613200000, 0x0000000613200000| Untracked 
|  48|0x0000000613400000, 0x0000000613600000, 0x0000000613600000|100%| O|  |TAMS 0x0000000613400000, 0x0000000613400000| Untracked 
|  49|0x0000000613600000, 0x00000006137fffa8, 0x0000000613800000| 99%| O|  |TAMS 0x0000000613600000, 0x0000000613600000| Untracked 
|  50|0x0000000613800000, 0x00000006139fffe8, 0x0000000613a00000| 99%| O|  |TAMS 0x0000000613800000, 0x0000000613800000| Untracked 
|  51|0x0000000613a00000, 0x0000000613bfffd0, 0x0000000613c00000| 99%| O|  |TAMS 0x0000000613a00000, 0x0000000613a00000| Untracked 
|  52|0x0000000613c00000, 0x0000000613dfffe8, 0x0000000613e00000| 99%| O|  |TAMS 0x0000000613c00000, 0x0000000613c00000| Untracked 
|  53|0x0000000613e00000, 0x0000000613fffff8, 0x0000000614000000| 99%| O|  |TAMS 0x0000000613e00000, 0x0000000613e00000| Untracked 
|  54|0x0000000614000000, 0x0000000614000000, 0x0000000614200000|  0%| F|  |TAMS 0x0000000614000000, 0x0000000614000000| Untracked 
|  55|0x0000000614200000, 0x00000006143cbe80, 0x0000000614400000| 89%| O|  |TAMS 0x0000000614200000, 0x0000000614200000| Untracked 
|  56|0x0000000614400000, 0x00000006145fff70, 0x0000000614600000| 99%| O|  |TAMS 0x0000000614400000, 0x0000000614400000| Untracked 
|  57|0x0000000614600000, 0x00000006147ffff8, 0x0000000614800000| 99%| O|  |TAMS 0x0000000614600000, 0x0000000614600000| Untracked 
|  58|0x0000000614800000, 0x00000006149fc3c0, 0x0000000614a00000| 99%| O|  |TAMS 0x0000000614800000, 0x0000000614800000| Untracked 
|  59|0x0000000614a00000, 0x0000000614ba7940, 0x0000000614c00000| 82%| O|  |TAMS 0x0000000614a00000, 0x0000000614a00000| Untracked 
|  60|0x0000000614c00000, 0x0000000614dc2120, 0x0000000614e00000| 87%| O|  |TAMS 0x0000000614c00000, 0x0000000614c00000| Untracked 
|  61|0x0000000614e00000, 0x0000000614fbbd30, 0x0000000615000000| 86%| O|  |TAMS 0x0000000614e00000, 0x0000000614e00000| Untracked 
|  62|0x0000000615000000, 0x00000006151ffff0, 0x0000000615200000| 99%| O|  |TAMS 0x0000000615000000, 0x0000000615000000| Untracked 
|  63|0x0000000615200000, 0x00000006153ffff8, 0x0000000615400000| 99%| O|  |TAMS 0x0000000615200000, 0x0000000615200000| Untracked 
|  64|0x0000000615400000, 0x00000006155ffed8, 0x0000000615600000| 99%| O|  |TAMS 0x0000000615400000, 0x0000000615400000| Untracked 
|  65|0x0000000615600000, 0x00000006157ffff0, 0x0000000615800000| 99%| O|  |TAMS 0x0000000615600000, 0x0000000615600000| Untracked 
|  66|0x0000000615800000, 0x0000000615800000, 0x0000000615a00000|  0%| F|  |TAMS 0x0000000615800000, 0x0000000615800000| Untracked 
|  67|0x0000000615a00000, 0x0000000615bffe20, 0x0000000615c00000| 99%| O|  |TAMS 0x0000000615a00000, 0x0000000615a00000| Untracked 
|  68|0x0000000615c00000, 0x0000000615dfffe0, 0x0000000615e00000| 99%| O|  |TAMS 0x0000000615c00000, 0x0000000615c00000| Untracked 
|  69|0x0000000615e00000, 0x0000000615fffff0, 0x0000000616000000| 99%| O|  |TAMS 0x0000000615e00000, 0x0000000615e00000| Untracked 
|  70|0x0000000616000000, 0x0000000616000000, 0x0000000616200000|  0%| F|  |TAMS 0x0000000616000000, 0x0000000616000000| Untracked 
|  71|0x0000000616200000, 0x0000000616200018, 0x0000000616400000|  0%| O|  |TAMS 0x0000000616200000, 0x0000000616200000| Untracked 
|  72|0x0000000616400000, 0x0000000616400000, 0x0000000616600000|  0%| F|  |TAMS 0x0000000616400000, 0x0000000616400000| Untracked 
|  73|0x0000000616600000, 0x00000006167fffd0, 0x0000000616800000| 99%| O|  |TAMS 0x0000000616600000, 0x0000000616600000| Untracked 
|  74|0x0000000616800000, 0x0000000616a00000, 0x0000000616a00000|100%|HS|  |TAMS 0x0000000616800000, 0x0000000616800000| Untracked 
|  75|0x0000000616a00000, 0x0000000616c00000, 0x0000000616c00000|100%|HS|  |TAMS 0x0000000616a00000, 0x0000000616a00000| Untracked 
|  76|0x0000000616c00000, 0x0000000616c1fc30, 0x0000000616e00000|  6%| O|  |TAMS 0x0000000616c00000, 0x0000000616c00000| Untracked 
|  77|0x0000000616e00000, 0x0000000616e00000, 0x0000000617000000|  0%| F|  |TAMS 0x0000000616e00000, 0x0000000616e00000| Untracked 
|  78|0x0000000617000000, 0x0000000617200000, 0x0000000617200000|100%|HS|  |TAMS 0x0000000617000000, 0x0000000617000000| Untracked 
|  79|0x0000000617200000, 0x0000000617400000, 0x0000000617400000|100%|HS|  |TAMS 0x0000000617200000, 0x0000000617200000| Untracked 
|  80|0x0000000617400000, 0x0000000617600000, 0x0000000617600000|100%|HS|  |TAMS 0x0000000617400000, 0x0000000617400000| Untracked 
|  81|0x0000000617600000, 0x0000000617800000, 0x0000000617800000|100%|HS|  |TAMS 0x0000000617600000, 0x0000000617600000| Untracked 
|  82|0x0000000617800000, 0x0000000617a00000, 0x0000000617a00000|100%|HS|  |TAMS 0x0000000617800000, 0x0000000617800000| Untracked 
|  83|0x0000000617a00000, 0x0000000617c00000, 0x0000000617c00000|100%|HS|  |TAMS 0x0000000617a00000, 0x0000000617a00000| Untracked 
|  84|0x0000000617c00000, 0x0000000617e00000, 0x0000000617e00000|100%|HS|  |TAMS 0x0000000617c00000, 0x0000000617c00000| Untracked 
|  85|0x0000000617e00000, 0x0000000618000000, 0x0000000618000000|100%|HS|  |TAMS 0x0000000617e00000, 0x0000000617e00000| Untracked 
|  86|0x0000000618000000, 0x0000000618200000, 0x0000000618200000|100%|HC|  |TAMS 0x0000000618000000, 0x0000000618000000| Untracked 
|  87|0x0000000618200000, 0x0000000618400000, 0x0000000618400000|100%|HC|  |TAMS 0x0000000618200000, 0x0000000618200000| Untracked 
|  88|0x0000000618400000, 0x0000000618600000, 0x0000000618600000|100%|HS|  |TAMS 0x0000000618400000, 0x0000000618400000| Untracked 
|  89|0x0000000618600000, 0x0000000618800000, 0x0000000618800000|100%|HS|  |TAMS 0x0000000618600000, 0x0000000618600000| Untracked 
|  90|0x0000000618800000, 0x0000000618a00000, 0x0000000618a00000|100%|HC|  |TAMS 0x0000000618800000, 0x0000000618800000| Untracked 
|  91|0x0000000618a00000, 0x0000000618c00000, 0x0000000618c00000|100%|HS|  |TAMS 0x0000000618a00000, 0x0000000618a00000| Untracked 
|  92|0x0000000618c00000, 0x0000000618e00000, 0x0000000618e00000|100%|HC|  |TAMS 0x0000000618c00000, 0x0000000618c00000| Untracked 
|  93|0x0000000618e00000, 0x0000000619000000, 0x0000000619000000|100%|HS|  |TAMS 0x0000000618e00000, 0x0000000618e00000| Untracked 
|  94|0x0000000619000000, 0x0000000619200000, 0x0000000619200000|100%|HS|  |TAMS 0x0000000619000000, 0x0000000619000000| Untracked 
|  95|0x0000000619200000, 0x0000000619200000, 0x0000000619400000|  0%| F|  |TAMS 0x0000000619200000, 0x0000000619200000| Untracked 
|  96|0x0000000619400000, 0x00000006195ffff8, 0x0000000619600000| 99%| O|  |TAMS 0x0000000619400000, 0x0000000619400000| Untracked 
|  97|0x0000000619600000, 0x0000000619600000, 0x0000000619800000|  0%| F|  |TAMS 0x0000000619600000, 0x0000000619600000| Untracked 
|  98|0x0000000619800000, 0x00000006199f3818, 0x0000000619a00000| 97%| O|  |TAMS 0x0000000619800000, 0x0000000619800000| Untracked 
|  99|0x0000000619a00000, 0x0000000619bffff8, 0x0000000619c00000| 99%| O|  |TAMS 0x0000000619a00000, 0x0000000619a00000| Untracked 
| 100|0x0000000619c00000, 0x0000000619dffde8, 0x0000000619e00000| 99%| O|  |TAMS 0x0000000619c00000, 0x0000000619c00000| Untracked 
| 101|0x0000000619e00000, 0x0000000619eea1a8, 0x000000061a000000| 45%| O|  |TAMS 0x0000000619e00000, 0x0000000619e00000| Untracked 
| 102|0x000000061a000000, 0x000000061a1fffe8, 0x000000061a200000| 99%| O|  |TAMS 0x000000061a000000, 0x000000061a000000| Untracked 
| 103|0x000000061a200000, 0x000000061a200000, 0x000000061a400000|  0%| F|  |TAMS 0x000000061a200000, 0x000000061a200000| Untracked 
| 104|0x000000061a400000, 0x000000061a400000, 0x000000061a600000|  0%| F|  |TAMS 0x000000061a400000, 0x000000061a400000| Untracked 
| 105|0x000000061a600000, 0x000000061a7b5218, 0x000000061a800000| 85%| O|  |TAMS 0x000000061a600000, 0x000000061a600000| Untracked 
| 106|0x000000061a800000, 0x000000061a850e98, 0x000000061aa00000| 15%| O|  |TAMS 0x000000061a800000, 0x000000061a800000| Untracked 
| 107|0x000000061aa00000, 0x000000061aa75378, 0x000000061ac00000| 22%| O|  |TAMS 0x000000061aa00000, 0x000000061aa00000| Untracked 
| 108|0x000000061ac00000, 0x000000061adffe40, 0x000000061ae00000| 99%| O|  |TAMS 0x000000061ac00000, 0x000000061ac00000| Untracked 
| 109|0x000000061ae00000, 0x000000061ae00000, 0x000000061b000000|  0%| F|  |TAMS 0x000000061ae00000, 0x000000061ae00000| Untracked 
| 110|0x000000061b000000, 0x000000061b000000, 0x000000061b200000|  0%| F|  |TAMS 0x000000061b000000, 0x000000061b000000| Untracked 
| 111|0x000000061b200000, 0x000000061b200000, 0x000000061b400000|  0%| F|  |TAMS 0x000000061b200000, 0x000000061b200000| Untracked 
| 112|0x000000061b400000, 0x000000061b594f80, 0x000000061b600000| 79%| O|  |TAMS 0x000000061b400000, 0x000000061b400000| Untracked 
| 113|0x000000061b600000, 0x000000061b600000, 0x000000061b800000|  0%| F|  |TAMS 0x000000061b600000, 0x000000061b600000| Untracked 
| 114|0x000000061b800000, 0x000000061b83c750, 0x000000061ba00000| 11%| O|  |TAMS 0x000000061b800000, 0x000000061b800000| Untracked 
| 115|0x000000061ba00000, 0x000000061ba00000, 0x000000061bc00000|  0%| F|  |TAMS 0x000000061ba00000, 0x000000061ba00000| Untracked 
| 116|0x000000061bc00000, 0x000000061bc00000, 0x000000061be00000|  0%| F|  |TAMS 0x000000061bc00000, 0x000000061bc00000| Untracked 
| 117|0x000000061be00000, 0x000000061be00000, 0x000000061c000000|  0%| F|  |TAMS 0x000000061be00000, 0x000000061be00000| Untracked 
| 118|0x000000061c000000, 0x000000061c000000, 0x000000061c200000|  0%| F|  |TAMS 0x000000061c000000, 0x000000061c000000| Untracked 
| 119|0x000000061c200000, 0x000000061c233aa8, 0x000000061c400000| 10%| O|  |TAMS 0x000000061c200000, 0x000000061c200000| Untracked 
| 120|0x000000061c400000, 0x000000061c400000, 0x000000061c600000|  0%| F|  |TAMS 0x000000061c400000, 0x000000061c400000| Untracked 
| 121|0x000000061c600000, 0x000000061c600000, 0x000000061c800000|  0%| F|  |TAMS 0x000000061c600000, 0x000000061c600000| Untracked 
| 122|0x000000061c800000, 0x000000061c800000, 0x000000061ca00000|  0%| F|  |TAMS 0x000000061c800000, 0x000000061c800000| Untracked 
| 123|0x000000061ca00000, 0x000000061ca00000, 0x000000061cc00000|  0%| F|  |TAMS 0x000000061ca00000, 0x000000061ca00000| Untracked 
| 124|0x000000061cc00000, 0x000000061cc00000, 0x000000061ce00000|  0%| F|  |TAMS 0x000000061cc00000, 0x000000061cc00000| Untracked 
| 125|0x000000061ce00000, 0x000000061ce00000, 0x000000061d000000|  0%| F|  |TAMS 0x000000061ce00000, 0x000000061ce00000| Untracked 
| 126|0x000000061d000000, 0x000000061d000000, 0x000000061d200000|  0%| F|  |TAMS 0x000000061d000000, 0x000000061d000000| Untracked 
| 127|0x000000061d200000, 0x000000061d200000, 0x000000061d400000|  0%| F|  |TAMS 0x000000061d200000, 0x000000061d200000| Untracked 
| 128|0x000000061d400000, 0x000000061d400000, 0x000000061d600000|  0%| F|  |TAMS 0x000000061d400000, 0x000000061d400000| Untracked 
| 129|0x000000061d600000, 0x000000061d600000, 0x000000061d800000|  0%| F|  |TAMS 0x000000061d600000, 0x000000061d600000| Untracked 
| 130|0x000000061d800000, 0x000000061d800000, 0x000000061da00000|  0%| F|  |TAMS 0x000000061d800000, 0x000000061d800000| Untracked 
| 131|0x000000061da00000, 0x000000061da00000, 0x000000061dc00000|  0%| F|  |TAMS 0x000000061da00000, 0x000000061da00000| Untracked 
| 132|0x000000061dc00000, 0x000000061dc00000, 0x000000061de00000|  0%| F|  |TAMS 0x000000061dc00000, 0x000000061dc00000| Untracked 
| 133|0x000000061de00000, 0x000000061de00000, 0x000000061e000000|  0%| F|  |TAMS 0x000000061de00000, 0x000000061de00000| Untracked 
| 134|0x000000061e000000, 0x000000061e000000, 0x000000061e200000|  0%| F|  |TAMS 0x000000061e000000, 0x000000061e000000| Untracked 
| 135|0x000000061e200000, 0x000000061e200000, 0x000000061e400000|  0%| F|  |TAMS 0x000000061e200000, 0x000000061e200000| Untracked 
| 136|0x000000061e400000, 0x000000061e400000, 0x000000061e600000|  0%| F|  |TAMS 0x000000061e400000, 0x000000061e400000| Untracked 
| 137|0x000000061e600000, 0x000000061e600000, 0x000000061e800000|  0%| F|  |TAMS 0x000000061e600000, 0x000000061e600000| Untracked 
| 138|0x000000061e800000, 0x000000061e800000, 0x000000061ea00000|  0%| F|  |TAMS 0x000000061e800000, 0x000000061e800000| Untracked 
| 139|0x000000061ea00000, 0x000000061ea00000, 0x000000061ec00000|  0%| F|  |TAMS 0x000000061ea00000, 0x000000061ea00000| Untracked 
| 140|0x000000061ec00000, 0x000000061ec00000, 0x000000061ee00000|  0%| F|  |TAMS 0x000000061ec00000, 0x000000061ec00000| Untracked 
| 141|0x000000061ee00000, 0x000000061ee00000, 0x000000061f000000|  0%| F|  |TAMS 0x000000061ee00000, 0x000000061ee00000| Untracked 
| 142|0x000000061f000000, 0x000000061f000000, 0x000000061f200000|  0%| F|  |TAMS 0x000000061f000000, 0x000000061f000000| Untracked 
| 143|0x000000061f200000, 0x000000061f200000, 0x000000061f400000|  0%| F|  |TAMS 0x000000061f200000, 0x000000061f200000| Untracked 
| 144|0x000000061f400000, 0x000000061f400000, 0x000000061f600000|  0%| F|  |TAMS 0x000000061f400000, 0x000000061f400000| Untracked 
| 145|0x000000061f600000, 0x000000061f600000, 0x000000061f800000|  0%| F|  |TAMS 0x000000061f600000, 0x000000061f600000| Untracked 
| 146|0x000000061f800000, 0x000000061f800000, 0x000000061fa00000|  0%| F|  |TAMS 0x000000061f800000, 0x000000061f800000| Untracked 
| 147|0x000000061fa00000, 0x000000061fa00000, 0x000000061fc00000|  0%| F|  |TAMS 0x000000061fa00000, 0x000000061fa00000| Untracked 
| 148|0x000000061fc00000, 0x000000061fc00000, 0x000000061fe00000|  0%| F|  |TAMS 0x000000061fc00000, 0x000000061fc00000| Untracked 
| 149|0x000000061fe00000, 0x000000061fe00000, 0x0000000620000000|  0%| F|  |TAMS 0x000000061fe00000, 0x000000061fe00000| Untracked 
| 150|0x0000000620000000, 0x0000000620000000, 0x0000000620200000|  0%| F|  |TAMS 0x0000000620000000, 0x0000000620000000| Untracked 
| 151|0x0000000620200000, 0x0000000620200000, 0x0000000620400000|  0%| F|  |TAMS 0x0000000620200000, 0x0000000620200000| Untracked 
| 152|0x0000000620400000, 0x0000000620400000, 0x0000000620600000|  0%| F|  |TAMS 0x0000000620400000, 0x0000000620400000| Untracked 
| 153|0x0000000620600000, 0x0000000620600000, 0x0000000620800000|  0%| F|  |TAMS 0x0000000620600000, 0x0000000620600000| Untracked 
| 154|0x0000000620800000, 0x0000000620800000, 0x0000000620a00000|  0%| F|  |TAMS 0x0000000620800000, 0x0000000620800000| Untracked 
| 155|0x0000000620a00000, 0x0000000620a00000, 0x0000000620c00000|  0%| F|  |TAMS 0x0000000620a00000, 0x0000000620a00000| Untracked 
| 156|0x0000000620c00000, 0x0000000620c00000, 0x0000000620e00000|  0%| F|  |TAMS 0x0000000620c00000, 0x0000000620c00000| Untracked 
| 157|0x0000000620e00000, 0x0000000620e00000, 0x0000000621000000|  0%| F|  |TAMS 0x0000000620e00000, 0x0000000620e00000| Untracked 
| 158|0x0000000621000000, 0x0000000621000000, 0x0000000621200000|  0%| F|  |TAMS 0x0000000621000000, 0x0000000621000000| Untracked 
| 159|0x0000000621200000, 0x0000000621200000, 0x0000000621400000|  0%| F|  |TAMS 0x0000000621200000, 0x0000000621200000| Untracked 
| 160|0x0000000621400000, 0x0000000621400000, 0x0000000621600000|  0%| F|  |TAMS 0x0000000621400000, 0x0000000621400000| Untracked 
| 161|0x0000000621600000, 0x0000000621600000, 0x0000000621800000|  0%| F|  |TAMS 0x0000000621600000, 0x0000000621600000| Untracked 
| 162|0x0000000621800000, 0x0000000621800000, 0x0000000621a00000|  0%| F|  |TAMS 0x0000000621800000, 0x0000000621800000| Untracked 
| 163|0x0000000621a00000, 0x0000000621a00000, 0x0000000621c00000|  0%| F|  |TAMS 0x0000000621a00000, 0x0000000621a00000| Untracked 
| 164|0x0000000621c00000, 0x0000000621c00000, 0x0000000621e00000|  0%| F|  |TAMS 0x0000000621c00000, 0x0000000621c00000| Untracked 
| 165|0x0000000621e00000, 0x0000000621e00000, 0x0000000622000000|  0%| F|  |TAMS 0x0000000621e00000, 0x0000000621e00000| Untracked 
| 166|0x0000000622000000, 0x0000000622000000, 0x0000000622200000|  0%| F|  |TAMS 0x0000000622000000, 0x0000000622000000| Untracked 
| 167|0x0000000622200000, 0x0000000622200000, 0x0000000622400000|  0%| F|  |TAMS 0x0000000622200000, 0x0000000622200000| Untracked 
| 168|0x0000000622400000, 0x0000000622400000, 0x0000000622600000|  0%| F|  |TAMS 0x0000000622400000, 0x0000000622400000| Untracked 
| 169|0x0000000622600000, 0x0000000622600000, 0x0000000622800000|  0%| F|  |TAMS 0x0000000622600000, 0x0000000622600000| Untracked 
| 170|0x0000000622800000, 0x0000000622800000, 0x0000000622a00000|  0%| F|  |TAMS 0x0000000622800000, 0x0000000622800000| Untracked 
| 171|0x0000000622a00000, 0x0000000622a00000, 0x0000000622c00000|  0%| F|  |TAMS 0x0000000622a00000, 0x0000000622a00000| Untracked 
| 172|0x0000000622c00000, 0x0000000622c00000, 0x0000000622e00000|  0%| F|  |TAMS 0x0000000622c00000, 0x0000000622c00000| Untracked 
| 173|0x0000000622e00000, 0x0000000622e00000, 0x0000000623000000|  0%| F|  |TAMS 0x0000000622e00000, 0x0000000622e00000| Untracked 
| 174|0x0000000623000000, 0x0000000623000000, 0x0000000623200000|  0%| F|  |TAMS 0x0000000623000000, 0x0000000623000000| Untracked 
| 175|0x0000000623200000, 0x0000000623200000, 0x0000000623400000|  0%| F|  |TAMS 0x0000000623200000, 0x0000000623200000| Untracked 
| 176|0x0000000623400000, 0x0000000623400000, 0x0000000623600000|  0%| F|  |TAMS 0x0000000623400000, 0x0000000623400000| Untracked 
| 177|0x0000000623600000, 0x0000000623600000, 0x0000000623800000|  0%| F|  |TAMS 0x0000000623600000, 0x0000000623600000| Untracked 
| 178|0x0000000623800000, 0x0000000623800000, 0x0000000623a00000|  0%| F|  |TAMS 0x0000000623800000, 0x0000000623800000| Untracked 
| 179|0x0000000623a00000, 0x0000000623a00000, 0x0000000623c00000|  0%| F|  |TAMS 0x0000000623a00000, 0x0000000623a00000| Untracked 
| 180|0x0000000623c00000, 0x0000000623c00000, 0x0000000623e00000|  0%| F|  |TAMS 0x0000000623c00000, 0x0000000623c00000| Untracked 
| 181|0x0000000623e00000, 0x0000000623e00000, 0x0000000624000000|  0%| F|  |TAMS 0x0000000623e00000, 0x0000000623e00000| Untracked 
| 182|0x0000000624000000, 0x0000000624000000, 0x0000000624200000|  0%| F|  |TAMS 0x0000000624000000, 0x0000000624000000| Untracked 
| 183|0x0000000624200000, 0x0000000624200000, 0x0000000624400000|  0%| F|  |TAMS 0x0000000624200000, 0x0000000624200000| Untracked 
| 184|0x0000000624400000, 0x0000000624400000, 0x0000000624600000|  0%| F|  |TAMS 0x0000000624400000, 0x0000000624400000| Untracked 
| 185|0x0000000624600000, 0x0000000624600000, 0x0000000624800000|  0%| F|  |TAMS 0x0000000624600000, 0x0000000624600000| Untracked 
| 186|0x0000000624800000, 0x0000000624800000, 0x0000000624a00000|  0%| F|  |TAMS 0x0000000624800000, 0x0000000624800000| Untracked 
| 187|0x0000000624a00000, 0x0000000624a00000, 0x0000000624c00000|  0%| F|  |TAMS 0x0000000624a00000, 0x0000000624a00000| Untracked 
| 188|0x0000000624c00000, 0x0000000624c00000, 0x0000000624e00000|  0%| F|  |TAMS 0x0000000624c00000, 0x0000000624c00000| Untracked 
| 189|0x0000000624e00000, 0x0000000624e00000, 0x0000000625000000|  0%| F|  |TAMS 0x0000000624e00000, 0x0000000624e00000| Untracked 
| 190|0x0000000625000000, 0x0000000625000000, 0x0000000625200000|  0%| F|  |TAMS 0x0000000625000000, 0x0000000625000000| Untracked 
| 191|0x0000000625200000, 0x0000000625200000, 0x0000000625400000|  0%| F|  |TAMS 0x0000000625200000, 0x0000000625200000| Untracked 
| 192|0x0000000625400000, 0x0000000625400000, 0x0000000625600000|  0%| F|  |TAMS 0x0000000625400000, 0x0000000625400000| Untracked 
| 193|0x0000000625600000, 0x0000000625600000, 0x0000000625800000|  0%| F|  |TAMS 0x0000000625600000, 0x0000000625600000| Untracked 
| 194|0x0000000625800000, 0x0000000625800000, 0x0000000625a00000|  0%| F|  |TAMS 0x0000000625800000, 0x0000000625800000| Untracked 
| 195|0x0000000625a00000, 0x0000000625a00000, 0x0000000625c00000|  0%| F|  |TAMS 0x0000000625a00000, 0x0000000625a00000| Untracked 
| 196|0x0000000625c00000, 0x0000000625c00000, 0x0000000625e00000|  0%| F|  |TAMS 0x0000000625c00000, 0x0000000625c00000| Untracked 
| 197|0x0000000625e00000, 0x0000000625e00000, 0x0000000626000000|  0%| F|  |TAMS 0x0000000625e00000, 0x0000000625e00000| Untracked 
| 198|0x0000000626000000, 0x0000000626000000, 0x0000000626200000|  0%| F|  |TAMS 0x0000000626000000, 0x0000000626000000| Untracked 
| 199|0x0000000626200000, 0x0000000626200000, 0x0000000626400000|  0%| F|  |TAMS 0x0000000626200000, 0x0000000626200000| Untracked 
| 200|0x0000000626400000, 0x0000000626400000, 0x0000000626600000|  0%| F|  |TAMS 0x0000000626400000, 0x0000000626400000| Untracked 
| 201|0x0000000626600000, 0x0000000626600000, 0x0000000626800000|  0%| F|  |TAMS 0x0000000626600000, 0x0000000626600000| Untracked 
| 202|0x0000000626800000, 0x0000000626800000, 0x0000000626a00000|  0%| F|  |TAMS 0x0000000626800000, 0x0000000626800000| Untracked 
| 203|0x0000000626a00000, 0x0000000626a00000, 0x0000000626c00000|  0%| F|  |TAMS 0x0000000626a00000, 0x0000000626a00000| Untracked 
| 204|0x0000000626c00000, 0x0000000626c00000, 0x0000000626e00000|  0%| F|  |TAMS 0x0000000626c00000, 0x0000000626c00000| Untracked 
| 205|0x0000000626e00000, 0x0000000626e00000, 0x0000000627000000|  0%| F|  |TAMS 0x0000000626e00000, 0x0000000626e00000| Untracked 
| 206|0x0000000627000000, 0x0000000627000000, 0x0000000627200000|  0%| F|  |TAMS 0x0000000627000000, 0x0000000627000000| Untracked 
| 207|0x0000000627200000, 0x0000000627200000, 0x0000000627400000|  0%| F|  |TAMS 0x0000000627200000, 0x0000000627200000| Untracked 
| 208|0x0000000627400000, 0x0000000627400000, 0x0000000627600000|  0%| F|  |TAMS 0x0000000627400000, 0x0000000627400000| Untracked 
| 209|0x0000000627600000, 0x0000000627600000, 0x0000000627800000|  0%| F|  |TAMS 0x0000000627600000, 0x0000000627600000| Untracked 
| 210|0x0000000627800000, 0x0000000627800000, 0x0000000627a00000|  0%| F|  |TAMS 0x0000000627800000, 0x0000000627800000| Untracked 
| 211|0x0000000627a00000, 0x0000000627a00000, 0x0000000627c00000|  0%| F|  |TAMS 0x0000000627a00000, 0x0000000627a00000| Untracked 
| 212|0x0000000627c00000, 0x0000000627c00000, 0x0000000627e00000|  0%| F|  |TAMS 0x0000000627c00000, 0x0000000627c00000| Untracked 
| 213|0x0000000627e00000, 0x0000000627e00000, 0x0000000628000000|  0%| F|  |TAMS 0x0000000627e00000, 0x0000000627e00000| Untracked 
| 214|0x0000000628000000, 0x0000000628000000, 0x0000000628200000|  0%| F|  |TAMS 0x0000000628000000, 0x0000000628000000| Untracked 
| 215|0x0000000628200000, 0x0000000628200000, 0x0000000628400000|  0%| F|  |TAMS 0x0000000628200000, 0x0000000628200000| Untracked 
| 216|0x0000000628400000, 0x0000000628400000, 0x0000000628600000|  0%| F|  |TAMS 0x0000000628400000, 0x0000000628400000| Untracked 
| 217|0x0000000628600000, 0x0000000628600000, 0x0000000628800000|  0%| F|  |TAMS 0x0000000628600000, 0x0000000628600000| Untracked 
| 218|0x0000000628800000, 0x0000000628800000, 0x0000000628a00000|  0%| F|  |TAMS 0x0000000628800000, 0x0000000628800000| Untracked 
| 219|0x0000000628a00000, 0x0000000628a00000, 0x0000000628c00000|  0%| F|  |TAMS 0x0000000628a00000, 0x0000000628a00000| Untracked 
| 220|0x0000000628c00000, 0x0000000628c00000, 0x0000000628e00000|  0%| F|  |TAMS 0x0000000628c00000, 0x0000000628c00000| Untracked 
| 221|0x0000000628e00000, 0x0000000628e00000, 0x0000000629000000|  0%| F|  |TAMS 0x0000000628e00000, 0x0000000628e00000| Untracked 
| 222|0x0000000629000000, 0x0000000629000000, 0x0000000629200000|  0%| F|  |TAMS 0x0000000629000000, 0x0000000629000000| Untracked 
| 223|0x0000000629200000, 0x0000000629200000, 0x0000000629400000|  0%| F|  |TAMS 0x0000000629200000, 0x0000000629200000| Untracked 
| 224|0x0000000629400000, 0x0000000629400000, 0x0000000629600000|  0%| F|  |TAMS 0x0000000629400000, 0x0000000629400000| Untracked 
| 225|0x0000000629600000, 0x0000000629600000, 0x0000000629800000|  0%| F|  |TAMS 0x0000000629600000, 0x0000000629600000| Untracked 
| 226|0x0000000629800000, 0x0000000629800000, 0x0000000629a00000|  0%| F|  |TAMS 0x0000000629800000, 0x0000000629800000| Untracked 
| 227|0x0000000629a00000, 0x0000000629a00000, 0x0000000629c00000|  0%| F|  |TAMS 0x0000000629a00000, 0x0000000629a00000| Untracked 
| 228|0x0000000629c00000, 0x0000000629c00000, 0x0000000629e00000|  0%| F|  |TAMS 0x0000000629c00000, 0x0000000629c00000| Untracked 
| 229|0x0000000629e00000, 0x0000000629e00000, 0x000000062a000000|  0%| F|  |TAMS 0x0000000629e00000, 0x0000000629e00000| Untracked 
| 230|0x000000062a000000, 0x000000062a000000, 0x000000062a200000|  0%| F|  |TAMS 0x000000062a000000, 0x000000062a000000| Untracked 
| 231|0x000000062a200000, 0x000000062a200000, 0x000000062a400000|  0%| F|  |TAMS 0x000000062a200000, 0x000000062a200000| Untracked 
| 232|0x000000062a400000, 0x000000062a400000, 0x000000062a600000|  0%| F|  |TAMS 0x000000062a400000, 0x000000062a400000| Untracked 
| 233|0x000000062a600000, 0x000000062a600000, 0x000000062a800000|  0%| F|  |TAMS 0x000000062a600000, 0x000000062a600000| Untracked 
| 234|0x000000062a800000, 0x000000062a800000, 0x000000062aa00000|  0%| F|  |TAMS 0x000000062a800000, 0x000000062a800000| Untracked 
| 235|0x000000062aa00000, 0x000000062aa00000, 0x000000062ac00000|  0%| F|  |TAMS 0x000000062aa00000, 0x000000062aa00000| Untracked 
| 236|0x000000062ac00000, 0x000000062ac00000, 0x000000062ae00000|  0%| F|  |TAMS 0x000000062ac00000, 0x000000062ac00000| Untracked 
| 237|0x000000062ae00000, 0x000000062ae00000, 0x000000062b000000|  0%| F|  |TAMS 0x000000062ae00000, 0x000000062ae00000| Untracked 
| 238|0x000000062b000000, 0x000000062b000000, 0x000000062b200000|  0%| F|  |TAMS 0x000000062b000000, 0x000000062b000000| Untracked 
| 239|0x000000062b200000, 0x000000062b200000, 0x000000062b400000|  0%| F|  |TAMS 0x000000062b200000, 0x000000062b200000| Untracked 
| 240|0x000000062b400000, 0x000000062b400000, 0x000000062b600000|  0%| F|  |TAMS 0x000000062b400000, 0x000000062b400000| Untracked 
| 241|0x000000062b600000, 0x000000062b600000, 0x000000062b800000|  0%| F|  |TAMS 0x000000062b600000, 0x000000062b600000| Untracked 
| 242|0x000000062b800000, 0x000000062b800000, 0x000000062ba00000|  0%| F|  |TAMS 0x000000062b800000, 0x000000062b800000| Untracked 
| 243|0x000000062ba00000, 0x000000062ba00000, 0x000000062bc00000|  0%| F|  |TAMS 0x000000062ba00000, 0x000000062ba00000| Untracked 
| 244|0x000000062bc00000, 0x000000062bc00000, 0x000000062be00000|  0%| F|  |TAMS 0x000000062bc00000, 0x000000062bc00000| Untracked 
| 245|0x000000062be00000, 0x000000062be00000, 0x000000062c000000|  0%| F|  |TAMS 0x000000062be00000, 0x000000062be00000| Untracked 
| 246|0x000000062c000000, 0x000000062c000000, 0x000000062c200000|  0%| F|  |TAMS 0x000000062c000000, 0x000000062c000000| Untracked 
| 247|0x000000062c200000, 0x000000062c200000, 0x000000062c400000|  0%| F|  |TAMS 0x000000062c200000, 0x000000062c200000| Untracked 
| 248|0x000000062c400000, 0x000000062c400000, 0x000000062c600000|  0%| F|  |TAMS 0x000000062c400000, 0x000000062c400000| Untracked 
| 249|0x000000062c600000, 0x000000062c600000, 0x000000062c800000|  0%| F|  |TAMS 0x000000062c600000, 0x000000062c600000| Untracked 
| 250|0x000000062c800000, 0x000000062c800000, 0x000000062ca00000|  0%| F|  |TAMS 0x000000062c800000, 0x000000062c800000| Untracked 
| 251|0x000000062ca00000, 0x000000062ca00000, 0x000000062cc00000|  0%| F|  |TAMS 0x000000062ca00000, 0x000000062ca00000| Untracked 
| 252|0x000000062cc00000, 0x000000062cc00000, 0x000000062ce00000|  0%| F|  |TAMS 0x000000062cc00000, 0x000000062cc00000| Untracked 
| 253|0x000000062ce00000, 0x000000062ce00000, 0x000000062d000000|  0%| F|  |TAMS 0x000000062ce00000, 0x000000062ce00000| Untracked 
| 254|0x000000062d000000, 0x000000062d000000, 0x000000062d200000|  0%| F|  |TAMS 0x000000062d000000, 0x000000062d000000| Untracked 
| 255|0x000000062d200000, 0x000000062d200000, 0x000000062d400000|  0%| F|  |TAMS 0x000000062d200000, 0x000000062d200000| Untracked 
| 256|0x000000062d400000, 0x000000062d400000, 0x000000062d600000|  0%| F|  |TAMS 0x000000062d400000, 0x000000062d400000| Untracked 
| 257|0x000000062d600000, 0x000000062d600000, 0x000000062d800000|  0%| F|  |TAMS 0x000000062d600000, 0x000000062d600000| Untracked 
| 258|0x000000062d800000, 0x000000062d800000, 0x000000062da00000|  0%| F|  |TAMS 0x000000062d800000, 0x000000062d800000| Untracked 
| 259|0x000000062da00000, 0x000000062da00000, 0x000000062dc00000|  0%| F|  |TAMS 0x000000062da00000, 0x000000062da00000| Untracked 
| 260|0x000000062dc00000, 0x000000062dc00000, 0x000000062de00000|  0%| F|  |TAMS 0x000000062dc00000, 0x000000062dc00000| Untracked 
| 261|0x000000062de00000, 0x000000062de00000, 0x000000062e000000|  0%| F|  |TAMS 0x000000062de00000, 0x000000062de00000| Untracked 
| 262|0x000000062e000000, 0x000000062e000000, 0x000000062e200000|  0%| F|  |TAMS 0x000000062e000000, 0x000000062e000000| Untracked 
| 263|0x000000062e200000, 0x000000062e200000, 0x000000062e400000|  0%| F|  |TAMS 0x000000062e200000, 0x000000062e200000| Untracked 
| 264|0x000000062e400000, 0x000000062e400000, 0x000000062e600000|  0%| F|  |TAMS 0x000000062e400000, 0x000000062e400000| Untracked 
| 265|0x000000062e600000, 0x000000062e600000, 0x000000062e800000|  0%| F|  |TAMS 0x000000062e600000, 0x000000062e600000| Untracked 
| 266|0x000000062e800000, 0x000000062e800000, 0x000000062ea00000|  0%| F|  |TAMS 0x000000062e800000, 0x000000062e800000| Untracked 
| 267|0x000000062ea00000, 0x000000062ea00000, 0x000000062ec00000|  0%| F|  |TAMS 0x000000062ea00000, 0x000000062ea00000| Untracked 
| 268|0x000000062ec00000, 0x000000062ec00000, 0x000000062ee00000|  0%| F|  |TAMS 0x000000062ec00000, 0x000000062ec00000| Untracked 
| 269|0x000000062ee00000, 0x000000062ee00000, 0x000000062f000000|  0%| F|  |TAMS 0x000000062ee00000, 0x000000062ee00000| Untracked 
| 270|0x000000062f000000, 0x000000062f000000, 0x000000062f200000|  0%| F|  |TAMS 0x000000062f000000, 0x000000062f000000| Untracked 
| 271|0x000000062f200000, 0x000000062f200000, 0x000000062f400000|  0%| F|  |TAMS 0x000000062f200000, 0x000000062f200000| Untracked 
| 272|0x000000062f400000, 0x000000062f400000, 0x000000062f600000|  0%| F|  |TAMS 0x000000062f400000, 0x000000062f400000| Untracked 
| 273|0x000000062f600000, 0x000000062f600000, 0x000000062f800000|  0%| F|  |TAMS 0x000000062f600000, 0x000000062f600000| Untracked 
| 274|0x000000062f800000, 0x000000062f800000, 0x000000062fa00000|  0%| F|  |TAMS 0x000000062f800000, 0x000000062f800000| Untracked 
| 275|0x000000062fa00000, 0x000000062fa00000, 0x000000062fc00000|  0%| F|  |TAMS 0x000000062fa00000, 0x000000062fa00000| Untracked 
| 276|0x000000062fc00000, 0x000000062fc00000, 0x000000062fe00000|  0%| F|  |TAMS 0x000000062fc00000, 0x000000062fc00000| Untracked 
| 277|0x000000062fe00000, 0x000000062fe00000, 0x0000000630000000|  0%| F|  |TAMS 0x000000062fe00000, 0x000000062fe00000| Untracked 
| 278|0x0000000630000000, 0x0000000630000000, 0x0000000630200000|  0%| F|  |TAMS 0x0000000630000000, 0x0000000630000000| Untracked 
| 279|0x0000000630200000, 0x0000000630200000, 0x0000000630400000|  0%| F|  |TAMS 0x0000000630200000, 0x0000000630200000| Untracked 
| 280|0x0000000630400000, 0x0000000630400000, 0x0000000630600000|  0%| F|  |TAMS 0x0000000630400000, 0x0000000630400000| Untracked 
| 281|0x0000000630600000, 0x00000006307cbec0, 0x0000000630800000| 89%| E|  |TAMS 0x0000000630600000, 0x0000000630600000| Complete 
| 282|0x0000000630800000, 0x0000000630a00000, 0x0000000630a00000|100%| E|CS|TAMS 0x0000000630800000, 0x0000000630800000| Complete 
| 283|0x0000000630a00000, 0x0000000630c00000, 0x0000000630c00000|100%| E|CS|TAMS 0x0000000630a00000, 0x0000000630a00000| Complete 
| 284|0x0000000630c00000, 0x0000000630e00000, 0x0000000630e00000|100%| E|CS|TAMS 0x0000000630c00000, 0x0000000630c00000| Complete 
| 285|0x0000000630e00000, 0x0000000631000000, 0x0000000631000000|100%| E|CS|TAMS 0x0000000630e00000, 0x0000000630e00000| Complete 
| 286|0x0000000631000000, 0x0000000631200000, 0x0000000631200000|100%| E|CS|TAMS 0x0000000631000000, 0x0000000631000000| Complete 
| 287|0x0000000631200000, 0x0000000631400000, 0x0000000631400000|100%| E|CS|TAMS 0x0000000631200000, 0x0000000631200000| Complete 
| 288|0x0000000631400000, 0x0000000631600000, 0x0000000631600000|100%| E|CS|TAMS 0x0000000631400000, 0x0000000631400000| Complete 
| 289|0x0000000631600000, 0x0000000631800000, 0x0000000631800000|100%| E|CS|TAMS 0x0000000631600000, 0x0000000631600000| Complete 
| 290|0x0000000631800000, 0x0000000631a00000, 0x0000000631a00000|100%| E|CS|TAMS 0x0000000631800000, 0x0000000631800000| Complete 
| 291|0x0000000631a00000, 0x0000000631c00000, 0x0000000631c00000|100%| E|CS|TAMS 0x0000000631a00000, 0x0000000631a00000| Complete 
| 292|0x0000000631c00000, 0x0000000631e00000, 0x0000000631e00000|100%| E|CS|TAMS 0x0000000631c00000, 0x0000000631c00000| Complete 
| 293|0x0000000631e00000, 0x0000000632000000, 0x0000000632000000|100%| E|CS|TAMS 0x0000000631e00000, 0x0000000631e00000| Complete 
| 294|0x0000000632000000, 0x0000000632200000, 0x0000000632200000|100%| E|  |TAMS 0x0000000632000000, 0x0000000632000000| Complete 
| 295|0x0000000632200000, 0x0000000632400000, 0x0000000632400000|100%| E|CS|TAMS 0x0000000632200000, 0x0000000632200000| Complete 
| 296|0x0000000632400000, 0x0000000632600000, 0x0000000632600000|100%| E|CS|TAMS 0x0000000632400000, 0x0000000632400000| Complete 
| 297|0x0000000632600000, 0x0000000632800000, 0x0000000632800000|100%| E|CS|TAMS 0x0000000632600000, 0x0000000632600000| Complete 
| 298|0x0000000632800000, 0x0000000632a00000, 0x0000000632a00000|100%| E|CS|TAMS 0x0000000632800000, 0x0000000632800000| Complete 
| 299|0x0000000632a00000, 0x0000000632c00000, 0x0000000632c00000|100%| E|CS|TAMS 0x0000000632a00000, 0x0000000632a00000| Complete 

Card table byte_map: [0x0000027352a60000,0x0000027353a00000] _byte_map_base: 0x000002734f9f6000

Marking Bits (Prev, Next): (CMBitMap*) 0x0000027339c10480, (CMBitMap*) 0x0000027339c10448
 Prev Bits: [0x000002735c650000, 0x0000027364300000)
 Next Bits: [0x00000273549a0000, 0x000002735c650000)

Polling page: 0x0000027337740000

Metaspace:

Usage:
  Non-class:    110.81 MB capacity,   105.21 MB ( 95%) used,     4.97 MB (  4%) free+waste,   644.94 KB ( <1%) overhead. 
      Class:     15.46 MB capacity,    12.41 MB ( 80%) used,     2.75 MB ( 18%) free+waste,   307.38 KB (  2%) overhead. 
       Both:    126.26 MB capacity,   117.62 MB ( 93%) used,     7.72 MB (  6%) free+waste,   952.31 KB ( <1%) overhead. 

Virtual space:
  Non-class space:      112.00 MB reserved,     110.94 MB (>99%) committed 
      Class space:        1.00 GB reserved,      15.50 MB (  2%) committed 
             Both:        1.11 GB reserved,     126.44 MB ( 11%) committed 

Chunk freelists:
   Non-Class:  11.00 KB
       Class:  10.00 KB
        Both:  21.00 KB

MaxMetaspaceSize: 17179869184.00 GB
CompressedClassSpaceSize: 1.00 GB
Initial GC threshold: 20.80 MB
Current GC threshold: 210.32 MB
CDS: off

CodeHeap 'non-profiled nmethods': size=119168Kb used=19134Kb max_used=19134Kb free=100033Kb
 bounds [0x0000027349ee0000, 0x000002734b190000, 0x0000027351340000]
CodeHeap 'profiled nmethods': size=119168Kb used=42411Kb max_used=44615Kb free=76757Kb
 bounds [0x0000027342a80000, 0x0000027345680000, 0x0000027349ee0000]
CodeHeap 'non-nmethods': size=7424Kb used=2318Kb max_used=4134Kb free=5105Kb
 bounds [0x0000027342340000, 0x0000027342760000, 0x0000027342a80000]
 total_blobs=17106 nmethods=15210 adapters=1807
 compilation: enabled
              stopped_count=0, restarted_count=0
 full_count=0

Compilation events (20 events):
Event: 86.128 Thread 0x0000027367666800 19251       3       org.h2.mvstore.WriteBuffer::put (12 bytes)
Event: 86.128 Thread 0x0000027367666800 nmethod 19251 0x00000273434d9510 code [0x00000273434d9700, 0x00000273434d9a78]
Event: 86.128 Thread 0x0000027367666800 19252       3       org.h2.mvstore.WriteBuffer::position (8 bytes)
Event: 86.128 Thread 0x0000027367661000 19254       4       org.h2.mvstore.RootReference::getAppendCounter (9 bytes)
Event: 86.128 Thread 0x0000027367666800 nmethod 19252 0x0000027343135210 code [0x00000273431353c0, 0x00000273431354d8]
Event: 86.128 Thread 0x0000027367666800 19253       3       org.h2.mvstore.RootReference::canUpdate (27 bytes)
Event: 86.128 Thread 0x0000027367661000 nmethod 19254 0x000002734b18f610 code [0x000002734b18f7a0, 0x000002734b18f7f8]
Event: 86.128 Thread 0x0000027367666800 nmethod 19253 0x0000027342efda10 code [0x0000027342efdbe0, 0x0000027342efdef8]
Event: 86.128 Thread 0x0000027367666800 19256       3       org.h2.mvstore.DataUtils::writeVarInt (34 bytes)
Event: 86.128 Thread 0x0000027367666800 nmethod 19256 0x0000027343cc2390 code [0x0000027343cc2560, 0x0000027343cc28b8]
Event: 86.128 Thread 0x0000027367666800 19255       3       org.h2.mvstore.WriteBuffer::putVarInt (11 bytes)
Event: 86.128 Thread 0x0000027367666800 nmethod 19255 0x00000273433d8590 code [0x00000273433d87a0, 0x00000273433d8d28]
Event: 86.128 Thread 0x0000027367666800 19258       3       org.h2.mvstore.DataUtils::appendMapKey (25 bytes)
Event: 86.128 Thread 0x0000027367666800 nmethod 19258 0x00000273438ee090 code [0x00000273438ee280, 0x00000273438ee5e8]
Event: 86.128 Thread 0x0000027367666800 19257       3       org.h2.mvstore.WriteBuffer::putStringData (16 bytes)
Event: 86.129 Thread 0x0000027367666800 nmethod 19257 0x000002734425af90 code [0x000002734425b160, 0x000002734425b458]
Event: 86.132 Thread 0x0000027367666800 19259       3       org.h2.mvstore.MVStore::getTimeSinceCreation (14 bytes)
Event: 86.132 Thread 0x0000027367666800 nmethod 19259 0x00000273434c0810 code [0x00000273434c09e0, 0x00000273434c0be8]
Event: 86.134 Thread 0x0000027367666800 19260       3       sun.nio.cs.StreamDecoder::<init> (23 bytes)
Event: 86.134 Thread 0x0000027367666800 nmethod 19260 0x0000027342b75210 code [0x0000027342b75420, 0x0000027342b75a18]

GC Heap History (20 events):
Event: 64.248 GC heap before
{Heap before GC invocations=34 (full 0):
 garbage-first heap   total 614400K, used 535783K [0x000000060d400000, 0x0000000800000000)
  region size 2048K, 130 young (266240K), 1 survivors (2048K)
 Metaspace       used 120163K, capacity 129036K, committed 129220K, reserved 1163264K
  class space    used 12688K, capacity 15787K, committed 15872K, reserved 1048576K
}
Event: 64.249 GC heap after
{Heap after GC invocations=35 (full 0):
 garbage-first heap   total 614400K, used 271562K [0x000000060d400000, 0x0000000800000000)
  region size 2048K, 1 young (2048K), 1 survivors (2048K)
 Metaspace       used 120163K, capacity 129036K, committed 129220K, reserved 1163264K
  class space    used 12688K, capacity 15787K, committed 15872K, reserved 1048576K
}
Event: 66.568 GC heap before
{Heap before GC invocations=35 (full 0):
 garbage-first heap   total 614400K, used 535754K [0x000000060d400000, 0x0000000800000000)
  region size 2048K, 130 young (266240K), 1 survivors (2048K)
 Metaspace       used 120177K, capacity 129043K, committed 129220K, reserved 1163264K
  class space    used 12689K, capacity 15789K, committed 15872K, reserved 1048576K
}
Event: 66.569 GC heap after
{Heap after GC invocations=36 (full 0):
 garbage-first heap   total 614400K, used 271551K [0x000000060d400000, 0x0000000800000000)
  region size 2048K, 1 young (2048K), 1 survivors (2048K)
 Metaspace       used 120177K, capacity 129043K, committed 129220K, reserved 1163264K
  class space    used 12689K, capacity 15789K, committed 15872K, reserved 1048576K
}
Event: 69.017 GC heap before
{Heap before GC invocations=36 (full 0):
 garbage-first heap   total 614400K, used 537791K [0x000000060d400000, 0x0000000800000000)
  region size 2048K, 131 young (268288K), 1 survivors (2048K)
 Metaspace       used 120182K, capacity 129043K, committed 129220K, reserved 1163264K
  class space    used 12689K, capacity 15789K, committed 15872K, reserved 1048576K
}
Event: 69.018 GC heap after
{Heap after GC invocations=37 (full 0):
 garbage-first heap   total 614400K, used 271628K [0x000000060d400000, 0x0000000800000000)
  region size 2048K, 1 young (2048K), 1 survivors (2048K)
 Metaspace       used 120182K, capacity 129043K, committed 129220K, reserved 1163264K
  class space    used 12689K, capacity 15789K, committed 15872K, reserved 1048576K
}
Event: 71.548 GC heap before
{Heap before GC invocations=37 (full 0):
 garbage-first heap   total 614400K, used 537868K [0x000000060d400000, 0x0000000800000000)
  region size 2048K, 131 young (268288K), 1 survivors (2048K)
 Metaspace       used 120184K, capacity 129043K, committed 129220K, reserved 1163264K
  class space    used 12689K, capacity 15789K, committed 15872K, reserved 1048576K
}
Event: 71.548 GC heap after
{Heap after GC invocations=38 (full 0):
 garbage-first heap   total 614400K, used 271613K [0x000000060d400000, 0x0000000800000000)
  region size 2048K, 1 young (2048K), 1 survivors (2048K)
 Metaspace       used 120184K, capacity 129043K, committed 129220K, reserved 1163264K
  class space    used 12689K, capacity 15789K, committed 15872K, reserved 1048576K
}
Event: 74.138 GC heap before
{Heap before GC invocations=38 (full 0):
 garbage-first heap   total 614400K, used 537853K [0x000000060d400000, 0x0000000800000000)
  region size 2048K, 131 young (268288K), 1 survivors (2048K)
 Metaspace       used 120186K, capacity 129043K, committed 129220K, reserved 1163264K
  class space    used 12689K, capacity 15789K, committed 15872K, reserved 1048576K
}
Event: 74.138 GC heap after
{Heap after GC invocations=39 (full 0):
 garbage-first heap   total 614400K, used 271624K [0x000000060d400000, 0x0000000800000000)
  region size 2048K, 1 young (2048K), 1 survivors (2048K)
 Metaspace       used 120186K, capacity 129043K, committed 129220K, reserved 1163264K
  class space    used 12689K, capacity 15789K, committed 15872K, reserved 1048576K
}
Event: 76.596 GC heap before
{Heap before GC invocations=39 (full 0):
 garbage-first heap   total 614400K, used 537864K [0x000000060d400000, 0x0000000800000000)
  region size 2048K, 131 young (268288K), 1 survivors (2048K)
 Metaspace       used 120248K, capacity 129107K, committed 129220K, reserved 1163264K
  class space    used 12692K, capacity 15789K, committed 15872K, reserved 1048576K
}
Event: 76.597 GC heap after
{Heap after GC invocations=40 (full 0):
 garbage-first heap   total 614400K, used 271660K [0x000000060d400000, 0x0000000800000000)
  region size 2048K, 1 young (2048K), 1 survivors (2048K)
 Metaspace       used 120248K, capacity 129107K, committed 129220K, reserved 1163264K
  class space    used 12692K, capacity 15789K, committed 15872K, reserved 1048576K
}
Event: 79.168 GC heap before
{Heap before GC invocations=40 (full 0):
 garbage-first heap   total 614400K, used 539948K [0x000000060d400000, 0x0000000800000000)
  region size 2048K, 132 young (270336K), 1 survivors (2048K)
 Metaspace       used 120255K, capacity 129107K, committed 129220K, reserved 1163264K
  class space    used 12692K, capacity 15789K, committed 15872K, reserved 1048576K
}
Event: 79.169 GC heap after
{Heap after GC invocations=41 (full 0):
 garbage-first heap   total 614400K, used 271685K [0x000000060d400000, 0x0000000800000000)
  region size 2048K, 1 young (2048K), 1 survivors (2048K)
 Metaspace       used 120255K, capacity 129107K, committed 129220K, reserved 1163264K
  class space    used 12692K, capacity 15789K, committed 15872K, reserved 1048576K
}
Event: 81.458 GC heap before
{Heap before GC invocations=41 (full 0):
 garbage-first heap   total 614400K, used 539973K [0x000000060d400000, 0x0000000800000000)
  region size 2048K, 132 young (270336K), 1 survivors (2048K)
 Metaspace       used 120262K, capacity 129107K, committed 129220K, reserved 1163264K
  class space    used 12692K, capacity 15789K, committed 15872K, reserved 1048576K
}
Event: 81.459 GC heap after
{Heap after GC invocations=42 (full 0):
 garbage-first heap   total 614400K, used 271748K [0x000000060d400000, 0x0000000800000000)
  region size 2048K, 1 young (2048K), 1 survivors (2048K)
 Metaspace       used 120262K, capacity 129107K, committed 129220K, reserved 1163264K
  class space    used 12692K, capacity 15789K, committed 15872K, reserved 1048576K
}
Event: 83.723 GC heap before
{Heap before GC invocations=42 (full 0):
 garbage-first heap   total 614400K, used 540036K [0x000000060d400000, 0x0000000800000000)
  region size 2048K, 132 young (270336K), 1 survivors (2048K)
 Metaspace       used 120272K, capacity 129111K, committed 129220K, reserved 1163264K
  class space    used 12693K, capacity 15789K, committed 15872K, reserved 1048576K
}
Event: 83.724 GC heap after
{Heap after GC invocations=43 (full 0):
 garbage-first heap   total 614400K, used 271877K [0x000000060d400000, 0x0000000800000000)
  region size 2048K, 1 young (2048K), 1 survivors (2048K)
 Metaspace       used 120272K, capacity 129111K, committed 129220K, reserved 1163264K
  class space    used 12693K, capacity 15789K, committed 15872K, reserved 1048576K
}
Event: 84.275 GC heap before
{Heap before GC invocations=43 (full 0):
 garbage-first heap   total 614400K, used 331269K [0x000000060d400000, 0x0000000800000000)
  region size 2048K, 31 young (63488K), 1 survivors (2048K)
 Metaspace       used 120314K, capacity 129111K, committed 129220K, reserved 1163264K
  class space    used 12696K, capacity 15789K, committed 15872K, reserved 1048576K
}
Event: 84.327 GC heap after
{Heap after GC invocations=44 (full 1):
 garbage-first heap   total 614400K, used 194588K [0x000000060d400000, 0x0000000800000000)
  region size 2048K, 0 young (0K), 0 survivors (0K)
 Metaspace       used 120310K, capacity 129105K, committed 129220K, reserved 1163264K
  class space    used 12695K, capacity 15788K, committed 15872K, reserved 1048576K
}

Deoptimization events (20 events):
Event: 85.922 Thread 0x0000027303c57800 Uncommon trap: trap_request=0xffffffde fr.pc=0x000002734a788c94 relative=0x00000000000001f4
Event: 85.922 Thread 0x0000027303c57800 Uncommon trap: reason=class_check action=maybe_recompile pc=0x000002734a788c94 method=java.util.Collections$3.nextElement()Ljava/lang/Object; @ 4 c2
Event: 85.922 Thread 0x0000027303c57800 DEOPT PACKING pc=0x000002734a788c94 sp=0x000000e8c96ff290
Event: 85.922 Thread 0x0000027303c57800 DEOPT UNPACKING pc=0x00000273423485af sp=0x000000e8c96ff250 mode 2
Event: 85.922 Thread 0x0000027303c57800 Uncommon trap: trap_request=0xffffffde fr.pc=0x000002734a501e14 relative=0x0000000000000074
Event: 85.922 Thread 0x0000027303c57800 Uncommon trap: reason=class_check action=maybe_recompile pc=0x000002734a501e14 method=java.util.Collections$3.hasMoreElements()Z @ 4 c2
Event: 85.922 Thread 0x0000027303c57800 DEOPT PACKING pc=0x000002734a501e14 sp=0x000000e8c96ff2c0
Event: 85.922 Thread 0x0000027303c57800 DEOPT UNPACKING pc=0x00000273423485af sp=0x000000e8c96ff250 mode 2
Event: 85.922 Thread 0x0000027303c57800 Uncommon trap: trap_request=0xffffffde fr.pc=0x000002734a788c94 relative=0x00000000000001f4
Event: 85.922 Thread 0x0000027303c57800 Uncommon trap: reason=class_check action=maybe_recompile pc=0x000002734a788c94 method=java.util.Collections$3.nextElement()Ljava/lang/Object; @ 4 c2
Event: 85.922 Thread 0x0000027303c57800 DEOPT PACKING pc=0x000002734a788c94 sp=0x000000e8c96ff290
Event: 85.922 Thread 0x0000027303c57800 DEOPT UNPACKING pc=0x00000273423485af sp=0x000000e8c96ff250 mode 2
Event: 86.128 Thread 0x0000027303c5a000 Uncommon trap: trap_request=0xffffff4d fr.pc=0x000002734a8fe7ec relative=0x00000000000001ac
Event: 86.128 Thread 0x0000027303c5a000 Uncommon trap: reason=unstable_if action=reinterpret pc=0x000002734a8fe7ec method=org.h2.mvstore.RootReference.hasChangesSince(JZ)Z @ 30 c2
Event: 86.128 Thread 0x0000027303c5a000 DEOPT PACKING pc=0x000002734a8fe7ec sp=0x000000e8cb1feb80
Event: 86.128 Thread 0x0000027303c5a000 DEOPT UNPACKING pc=0x00000273423485af sp=0x000000e8cb1feb10 mode 2
Event: 86.134 Thread 0x0000027303c5a000 Uncommon trap: trap_request=0xffffffc6 fr.pc=0x000002734b0124b0 relative=0x0000000000000d90
Event: 86.134 Thread 0x0000027303c5a000 Uncommon trap: reason=bimorphic_or_optimized_type_check action=maybe_recompile pc=0x000002734b0124b0 method=java.util.Spliterators$IteratorSpliterator.forEachRemaining(Ljava/util/function/Consumer;)V @ 52 c2
Event: 86.134 Thread 0x0000027303c5a000 DEOPT PACKING pc=0x000002734b0124b0 sp=0x000000e8cb1fee80
Event: 86.134 Thread 0x0000027303c5a000 DEOPT UNPACKING pc=0x00000273423485af sp=0x000000e8cb1fee40 mode 2

Classes redefined (0 events):
No events

Internal exceptions (20 events):
Event: 44.730 Thread 0x000002737be70800 Exception <a 'java/lang/NoSuchMethodError'{0x000000062559f088}: 'java.lang.Object java.lang.invoke.DelegatingMethodHandle$Holder.reinvoke_L(java.lang.Object, java.lang.Object, int, int, int, int, int, int, int, int)'> (0x000000062559f088) thrown at [s\src\hotspot\share\interpreter\linkResolver.cpp, line 773]
Event: 44.731 Thread 0x000002737be70800 Exception <a 'java/lang/NoSuchMethodError'{0x00000006255f82a8}: 'java.lang.Object java.lang.invoke.DirectMethodHandle$Holder.invokeSpecial(java.lang.Object, java.lang.Object, int, int, int, int, int, int, int, int)'> (0x00000006255f82a8) thrown at [s\src\hotspot\share\interpreter\linkResolver.cpp, line 773]
Event: 44.731 Thread 0x000002737be70800 Exception <a 'java/lang/NoSuchMethodError'{0x00000006255fb9a0}: 'java.lang.Object java.lang.invoke.DelegatingMethodHandle$Holder.reinvoke_L(java.lang.Object, int, int, int, int, int, int, int, int)'> (0x00000006255fb9a0) thrown at [s\src\hotspot\share\interpreter\linkResolver.cpp, line 773]
Event: 44.731 Thread 0x000002737be70800 Exception <a 'java/lang/NoSuchMethodError'{0x00000006252107d0}: 'java.lang.Object java.lang.invoke.DirectMethodHandle$Holder.invokeSpecial(java.lang.Object, java.lang.Object, int, int, int, int, int, int)'> (0x00000006252107d0) thrown at [s\src\hotspot\share\interpreter\linkResolver.cpp, line 773]
Event: 45.384 Thread 0x0000027375909800 Implicit null exception at 0x000002734af5d5b4 to 0x000002734af60e58
Event: 47.673 Thread 0x0000027375909800 Implicit null exception at 0x000002734ada7022 to 0x000002734ada8960
Event: 48.647 Thread 0x0000027375909800 Implicit null exception at 0x000002734b048e16 to 0x000002734b04e177
Event: 48.647 Thread 0x0000027375909800 Implicit null exception at 0x000002734b02dc15 to 0x000002734b030234
Event: 51.264 Thread 0x0000027375909800 Implicit null exception at 0x000002734a5c534e to 0x000002734a5c57c0
Event: 53.070 Thread 0x0000027375909800 Implicit null exception at 0x000002734ab2baa2 to 0x000002734ab30e05
Event: 53.078 Thread 0x0000027375909800 Implicit null exception at 0x000002734ab2baa2 to 0x000002734ab30e05
Event: 53.088 Thread 0x0000027375909800 Implicit null exception at 0x000002734ab2baa2 to 0x000002734ab30e05
Event: 53.097 Thread 0x0000027375909800 Implicit null exception at 0x000002734ab2baa2 to 0x000002734ab30e05
Event: 54.707 Thread 0x000002737590f000 Exception <a 'java/net/ConnectException'{0x0000000624000048}: Connection timed out: connect> (0x0000000624000048) thrown at [s\src\hotspot\share\prims\jni.cpp, line 638]
Event: 71.063 Thread 0x0000027375909800 Implicit null exception at 0x000002734a74751c to 0x000002734a747549
Event: 84.264 Thread 0x000002737be75800 Exception <a 'java/net/SocketException'{0x000000062f101b80}: Socket closed> (0x000000062f101b80) thrown at [s\src\hotspot\share\prims\jni.cpp, line 638]
Event: 84.334 Thread 0x0000027375909800 Implicit null exception at 0x000002734ab4c772 to 0x000002734ab53c84
Event: 84.336 Thread 0x0000027375909800 Implicit null exception at 0x000002734b0cdd55 to 0x000002734b0ce49c
Event: 86.123 Thread 0x000002737be70000 Exception <a 'java/net/SocketException'{0x0000000630743ad0}: Interrupted function call: accept failed> (0x0000000630743ad0) thrown at [s\src\hotspot\share\prims\jni.cpp, line 638]
Event: 86.134 Thread 0x000002737be6e000 Exception <a 'java/lang/InterruptedException'{0x00000006309c1388}: sleep interrupted> (0x00000006309c1388) thrown at [s\src\hotspot\share\prims\jvm.cpp, line 3128]

Events (20 events):
Event: 85.923 Thread 0x0000027303c56000 Thread exited: 0x0000027303c56000
Event: 85.952 Thread 0x0000027369239000 Thread exited: 0x0000027369239000
Event: 86.023 Thread 0x0000027303c56800 Thread exited: 0x0000027303c56800
Event: 86.123 Executing VM operation: RevokeBias
Event: 86.123 Executing VM operation: RevokeBias done
Event: 86.123 Executing VM operation: RevokeBias
Event: 86.123 Executing VM operation: RevokeBias done
Event: 86.123 Thread 0x000002737be70000 Thread exited: 0x000002737be70000
Event: 86.123 loading class org/h2/mvstore/MVStore
Event: 86.123 loading class org/h2/mvstore/MVStore done
Event: 86.123 Thread 0x000002737be6b000 Thread exited: 0x000002737be6b000
Event: 86.123 Thread 0x000002737be74800 Thread exited: 0x000002737be74800
Event: 86.123 Thread 0x000002737be72800 Thread exited: 0x000002737be72800
Event: 86.125 loading class org/h2/mvstore/Chunk
Event: 86.125 loading class org/h2/mvstore/Chunk done
Event: 86.125 loading class org/h2/mvstore/Chunk$PositionComparator
Event: 86.125 loading class org/h2/mvstore/Chunk$PositionComparator done
Event: 86.134 Thread 0x000002737be6e000 Thread exited: 0x000002737be6e000
Event: 86.134 Thread 0x0000027303c5a000 Thread exited: 0x0000027303c5a000
Event: 86.135 Executing VM operation: Exit


Dynamic libraries:
0x00007ff6e8460000 - 0x00007ff6e846e000 	C:\Program Files\Eclipse Adoptium\jdk-11.0.30.7-hotspot\bin\java.exe
0x00007fff932e0000 - 0x00007fff93547000 	C:\WINDOWS\SYSTEM32\ntdll.dll
0x00007fff93000000 - 0x00007fff930c9000 	C:\WINDOWS\System32\KERNEL32.DLL
0x00007fff90840000 - 0x00007fff90c30000 	C:\WINDOWS\System32\KERNELBASE.dll
0x00007fff90ce0000 - 0x00007fff90e2b000 	C:\WINDOWS\System32\ucrtbase.dll
0x00007fff5a820000 - 0x00007fff5a837000 	C:\Program Files\Eclipse Adoptium\jdk-11.0.30.7-hotspot\bin\jli.dll
0x00007fff5a410000 - 0x00007fff5a42e000 	C:\Program Files\Eclipse Adoptium\jdk-11.0.30.7-hotspot\bin\VCRUNTIME140.dll
0x00007fff911c0000 - 0x00007fff91385000 	C:\WINDOWS\System32\USER32.dll
0x00007fff90780000 - 0x00007fff907a7000 	C:\WINDOWS\System32\win32u.dll
0x00007fff713c0000 - 0x00007fff7165a000 	C:\WINDOWS\WinSxS\amd64_microsoft.windows.common-controls_6595b64144ccf1df_6.0.26100.4768_none_3e0c112ce331287c\COMCTL32.dll
0x00007fff92fc0000 - 0x00007fff92feb000 	C:\WINDOWS\System32\GDI32.dll
0x00007fff90410000 - 0x00007fff90548000 	C:\WINDOWS\System32\gdi32full.dll
0x00007fff931f0000 - 0x00007fff93299000 	C:\WINDOWS\System32\msvcrt.dll
0x00007fff90550000 - 0x00007fff905f3000 	C:\WINDOWS\System32\msvcp_win.dll
0x00007fff92320000 - 0x00007fff9234f000 	C:\WINDOWS\System32\IMM32.DLL
0x00007fff6b8a0000 - 0x00007fff6b8ac000 	C:\Program Files\Eclipse Adoptium\jdk-11.0.30.7-hotspot\bin\vcruntime140_1.dll
0x00007ffeea230000 - 0x00007ffeea2bd000 	C:\Program Files\Eclipse Adoptium\jdk-11.0.30.7-hotspot\bin\msvcp140.dll
0x00007ffebea60000 - 0x00007ffebf622000 	C:\Program Files\Eclipse Adoptium\jdk-11.0.30.7-hotspot\bin\server\jvm.dll
0x00007fff91500000 - 0x00007fff915b4000 	C:\WINDOWS\System32\ADVAPI32.dll
0x00007fff92360000 - 0x00007fff92406000 	C:\WINDOWS\System32\sechost.dll
0x00007fff930d0000 - 0x00007fff931e8000 	C:\WINDOWS\System32\RPCRT4.dll
0x00007fff91640000 - 0x00007fff916b4000 	C:\WINDOWS\System32\WS2_32.dll
0x00007fff92310000 - 0x00007fff92318000 	C:\WINDOWS\System32\PSAPI.DLL
0x00007fff81ea0000 - 0x00007fff81ed5000 	C:\WINDOWS\SYSTEM32\WINMM.dll
0x00007fff88e90000 - 0x00007fff88e9b000 	C:\WINDOWS\SYSTEM32\VERSION.dll
0x00007fff8f190000 - 0x00007fff8f1ab000 	C:\WINDOWS\SYSTEM32\kernel.appcore.dll
0x00007fff6b2a0000 - 0x00007fff6b2b0000 	C:\Program Files\Eclipse Adoptium\jdk-11.0.30.7-hotspot\bin\verify.dll
0x00007fff8d9e0000 - 0x00007fff8dc21000 	C:\WINDOWS\SYSTEM32\DBGHELP.DLL
0x00007fff927c0000 - 0x00007fff92b45000 	C:\WINDOWS\System32\combase.dll
0x00007fff910d0000 - 0x00007fff911b0000 	C:\WINDOWS\System32\OLEAUT32.dll
0x00007fff6d770000 - 0x00007fff6d7b3000 	C:\WINDOWS\SYSTEM32\dbgcore.DLL
0x00007fff90c40000 - 0x00007fff90cd9000 	C:\WINDOWS\System32\bcryptPrimitives.dll
0x00007fff3fcd0000 - 0x00007fff3fcf8000 	C:\Program Files\Eclipse Adoptium\jdk-11.0.30.7-hotspot\bin\java.dll
0x00007fff69fd0000 - 0x00007fff69fda000 	C:\Program Files\Eclipse Adoptium\jdk-11.0.30.7-hotspot\bin\jimage.dll
0x00007fff3f660000 - 0x00007fff3f678000 	C:\Program Files\Eclipse Adoptium\jdk-11.0.30.7-hotspot\bin\zip.dll
0x00007fff916c0000 - 0x00007fff91e0d000 	C:\WINDOWS\System32\SHELL32.dll
0x00007fff90ef0000 - 0x00007fff91063000 	C:\WINDOWS\System32\wintypes.dll
0x00007fff8dfe0000 - 0x00007fff8e840000 	C:\WINDOWS\SYSTEM32\windows.storage.dll
0x00007fff92ec0000 - 0x00007fff92fb5000 	C:\WINDOWS\System32\SHCORE.dll
0x00007fff922a0000 - 0x00007fff9230a000 	C:\WINDOWS\System32\shlwapi.dll
0x00007fff90330000 - 0x00007fff90359000 	C:\WINDOWS\SYSTEM32\profapi.dll
0x00007fff3f520000 - 0x00007fff3f539000 	C:\Program Files\Eclipse Adoptium\jdk-11.0.30.7-hotspot\bin\net.dll
0x00007fff88c00000 - 0x00007fff88d1e000 	C:\WINDOWS\SYSTEM32\WINHTTP.dll
0x00007fff8f720000 - 0x00007fff8f78b000 	C:\WINDOWS\system32\mswsock.dll
0x00007fff3f500000 - 0x00007fff3f513000 	C:\Program Files\Eclipse Adoptium\jdk-11.0.30.7-hotspot\bin\nio.dll
0x00007fff743e0000 - 0x00007fff74407000 	C:\Program Files\Eclipse Adoptium\jdk-11.0.30.7-hotspot\bin\sunec.dll
0x00007fff8add0000 - 0x00007fff8adde000 	C:\Program Files\Eclipse Adoptium\jdk-11.0.30.7-hotspot\bin\sunmscapi.dll
0x00007fff90600000 - 0x00007fff90777000 	C:\WINDOWS\System32\CRYPT32.dll
0x00007fff8fc70000 - 0x00007fff8fca0000 	C:\WINDOWS\SYSTEM32\ncrypt.dll
0x00007fff8fbb0000 - 0x00007fff8fbef000 	C:\WINDOWS\SYSTEM32\NTASN1.dll
0x00007fff8fa50000 - 0x00007fff8fa63000 	C:\WINDOWS\SYSTEM32\MSASN1.dll
0x00007fff8f9e0000 - 0x00007fff8f9fb000 	C:\WINDOWS\SYSTEM32\CRYPTSP.dll
0x00007fff8f0f0000 - 0x00007fff8f12b000 	C:\WINDOWS\system32\rsaenh.dll
0x00007fff8fa00000 - 0x00007fff8fa0c000 	C:\WINDOWS\SYSTEM32\CRYPTBASE.dll
0x00007fff8f790000 - 0x00007fff8f7b7000 	C:\WINDOWS\SYSTEM32\gpapi.dll
0x00007fff90300000 - 0x00007fff90326000 	C:\WINDOWS\SYSTEM32\bcrypt.dll
0x00007fff8f7c0000 - 0x00007fff8f7eb000 	C:\WINDOWS\SYSTEM32\USERENV.dll
0x00007fff8eb50000 - 0x00007fff8eb83000 	C:\WINDOWS\SYSTEM32\IPHLPAPI.DLL
0x00007fff927b0000 - 0x00007fff927ba000 	C:\WINDOWS\System32\NSI.dll
0x00007fff88d50000 - 0x00007fff88d6f000 	C:\WINDOWS\SYSTEM32\dhcpcsvc6.DLL
0x00007fff88a50000 - 0x00007fff88a75000 	C:\WINDOWS\SYSTEM32\dhcpcsvc.DLL
0x00007fff8ebe0000 - 0x00007fff8ed06000 	C:\WINDOWS\SYSTEM32\DNSAPI.dll
0x00007ffec3fb0000 - 0x00007ffec4132000 	C:\Program Files\Eclipse Adoptium\jdk-11.0.30.7-hotspot\bin\awt.dll
0x00007fff8cee0000 - 0x00007fff8cf7e000 	C:\WINDOWS\SYSTEM32\apphelp.dll
0x00007fff8d120000 - 0x00007fff8d1cf000 	C:\WINDOWS\system32\uxtheme.dll
0x00007fff91390000 - 0x00007fff914f1000 	C:\WINDOWS\System32\MSCTF.dll
0x00007fff92410000 - 0x00007fff925b0000 	C:\WINDOWS\System32\ole32.dll
0x00007fff8d500000 - 0x00007fff8d535000 	C:\WINDOWS\system32\DWMAPI.DLL
0x00007fff5aef0000 - 0x00007fff5b008000 	C:\WINDOWS\system32\opengl32.dll
0x00007fff61260000 - 0x00007fff6128d000 	C:\WINDOWS\SYSTEM32\GLU32.dll
0x00007fff8d240000 - 0x00007fff8d28d000 	C:\WINDOWS\SYSTEM32\dxcore.dll
0x00007fff89000000 - 0x00007fff890c4000 	C:\WINDOWS\System32\DriverStore\FileRepository\nv_dispi.inf_amd64_adc55ecfca814224\nvldumdx.dll
0x00007fff88dc0000 - 0x00007fff88dfb000 	C:\WINDOWS\SYSTEM32\cryptnet.dll
0x00007fff8fac0000 - 0x00007fff8fb2b000 	C:\WINDOWS\SYSTEM32\wldp.dll
0x00007fff88a80000 - 0x00007fff88bfc000 	C:\WINDOWS\SYSTEM32\drvstore.dll
0x00007fff8fff0000 - 0x00007fff9001d000 	C:\WINDOWS\SYSTEM32\devobj.dll
0x00007fff90020000 - 0x00007fff90077000 	C:\WINDOWS\SYSTEM32\cfgmgr32.dll
0x00007fff907b0000 - 0x00007fff90834000 	C:\WINDOWS\System32\wintrust.dll
0x00007fff910a0000 - 0x00007fff910c0000 	C:\WINDOWS\System32\imagehlp.dll
0x00007fff83720000 - 0x00007fff8841f000 	C:\WINDOWS\System32\DriverStore\FileRepository\nv_dispi.inf_amd64_adc55ecfca814224\nvgpucomp64.dll
0x00007fff81250000 - 0x00007fff81380000 	C:\WINDOWS\System32\DriverStore\FileRepository\nv_dispi.inf_amd64_adc55ecfca814224\NvMemMapStoragex.dll
0x00007fff900d0000 - 0x00007fff9012e000 	C:\WINDOWS\SYSTEM32\POWRPROF.dll
0x00007fff900a0000 - 0x00007fff900b4000 	C:\WINDOWS\SYSTEM32\UMPDC.dll
0x00007ffee7c10000 - 0x00007ffee9f33000 	C:\WINDOWS\System32\DriverStore\FileRepository\nv_dispi.inf_amd64_adc55ecfca814224\nvd3dumx.dll
0x00007fff8ab50000 - 0x00007fff8abba000 	C:\WINDOWS\SYSTEM32\directxdatabasehelper.dll
0x00007fff31ed0000 - 0x00007fff32017000 	C:\WINDOWS\system32\nvspcap64.dll
0x00007fff8f2c0000 - 0x00007fff8f2f6000 	C:\WINDOWS\SYSTEM32\ntmarta.dll
0x00007fff31d10000 - 0x00007fff31ec7000 	C:\WINDOWS\System32\DriverStore\FileRepository\nv_dispi.inf_amd64_adc55ecfca814224\nvppex.dll
0x00007fff32190000 - 0x00007fff32217000 	C:\Program Files\Eclipse Adoptium\jdk-11.0.30.7-hotspot\bin\freetype.dll
0x00007fff2c290000 - 0x00007fff2c380000 	C:\Program Files\Eclipse Adoptium\jdk-11.0.30.7-hotspot\bin\fontmanager.dll
0x00007fff78600000 - 0x00007fff78751000 	C:\WINDOWS\SYSTEM32\textinputframework.dll
0x00007fff6c510000 - 0x00007fff6c51a000 	C:\Program Files\Eclipse Adoptium\jdk-11.0.30.7-hotspot\bin\management.dll
0x00007fff6c500000 - 0x00007fff6c50b000 	C:\Program Files\Eclipse Adoptium\jdk-11.0.30.7-hotspot\bin\management_ext.dll
0x00007fff887a0000 - 0x00007fff887ab000 	C:\Windows\System32\rasadhlp.dll
0x00007fff83540000 - 0x00007fff835c6000 	C:\WINDOWS\System32\fwpuclnt.dll
0x00007fff6c520000 - 0x00007fff6c564000 	C:\Users\nikol\AppData\Local\Temp\jna-104821741\jna11122120774719781401.dll
0x00007fff2c680000 - 0x00007fff2c71c000 	C:\Users\nikol\AppData\Local\Temp\jna-104821741\jna17618339413354085300.dll
0x00007fff29bb0000 - 0x00007fff29c33000 	C:\Program Files\Eclipse Adoptium\jdk-11.0.30.7-hotspot\bin\mlib_image.dll
0x00007fff712e0000 - 0x00007fff712f2000 	C:\Program Files\Eclipse Adoptium\jdk-11.0.30.7-hotspot\bin\jsound.dll
0x00007fff5a060000 - 0x00007fff5a0f4000 	C:\WINDOWS\SYSTEM32\DSOUND.dll
0x00007fff3a9e0000 - 0x00007fff3aa11000 	C:\WINDOWS\SYSTEM32\winmmbase.dll
0x00007fff59fa0000 - 0x00007fff5a051000 	C:\WINDOWS\SYSTEM32\ResampleDmo.DLL
0x00007fff5a4e0000 - 0x00007fff5a4ee000 	C:\WINDOWS\SYSTEM32\msdmo.dll
0x00007fff92c20000 - 0x00007fff92cc8000 	C:\WINDOWS\System32\clbcatq.dll
0x00007fff88420000 - 0x00007fff884c2000 	C:\WINDOWS\System32\MMDevApi.dll
0x00007fff38a00000 - 0x00007fff38a48000 	C:\WINDOWS\SYSTEM32\wdmaud.drv
0x00007fff76df0000 - 0x00007fff76fb2000 	C:\WINDOWS\SYSTEM32\AUDIOSES.DLL
0x00007fff5c030000 - 0x00007fff5c03f000 	C:\WINDOWS\SYSTEM32\msacm32.drv
0x00007fff3b2f0000 - 0x00007fff3b311000 	C:\WINDOWS\SYSTEM32\MSACM32.dll
0x00007fff5c020000 - 0x00007fff5c02c000 	C:\WINDOWS\SYSTEM32\midimap.dll
0x00007fff8d6a0000 - 0x00007fff8d6b4000 	C:\WINDOWS\SYSTEM32\resourcepolicyclient.dll
0x00007fff707b0000 - 0x00007fff70908000 	C:\Windows\System32\Windows.UI.dll
0x00007fff6d890000 - 0x00007fff6d8be000 	C:\Program Files\Eclipse Adoptium\jdk-11.0.30.7-hotspot\bin\javajpeg.dll
0x00007fff8ad60000 - 0x00007fff8ad66000 	C:\Users\nikol\AppData\Local\Temp\flatlaf.temp\flatlaf-windows-x86_64-77676945670000.dll
0x00007fff743d0000 - 0x00007fff743d7000 	C:\Program Files\Eclipse Adoptium\jdk-11.0.30.7-hotspot\bin\jawt.dll
0x00007fff8d0b0000 - 0x00007fff8d0bf000 	C:\WINDOWS\SYSTEM32\WINNSI.DLL
0x00007fff6b2b0000 - 0x00007fff6b2d7000 	C:\Users\nikol\AppData\Local\Temp\16875473511887209559rlawt.dll
0x00007fff8acd0000 - 0x00007fff8ad1d000 	C:\ProgramData\obs-studio-hook\graphics-hook64.dll
0x00007fff8b630000 - 0x00007fff8b86f000 	C:\WINDOWS\SYSTEM32\WindowsCodecs.dll
0x00007fff640c0000 - 0x00007fff6411a000 	C:\WINDOWS\system32\dataexchange.dll
0x00007fff80fc0000 - 0x00007fff811f8000 	C:\WINDOWS\system32\twinapi.appcore.dll
0x00007fff73b10000 - 0x00007fff73b19000 	C:\Program Files\Eclipse Adoptium\jdk-11.0.30.7-hotspot\bin\prefs.dll
0x00007fff2bdc0000 - 0x00007fff2bdd8000 	C:\WINDOWS\system32\napinsp.dll
0x00007fff2bda0000 - 0x00007fff2bdb2000 	C:\WINDOWS\System32\winrnr.dll
0x00007fff2bd60000 - 0x00007fff2bd90000 	C:\WINDOWS\system32\nlansp_c.dll
0x00007fff836d0000 - 0x00007fff836f0000 	C:\WINDOWS\system32\wshbth.dll
0x00007fff691e0000 - 0x00007fff69207000 	C:\Users\nikol\AppData\Local\Temp\16293545011481788412rlicn_amd64.dll
0x00007fff74c50000 - 0x00007fff74c6a000 	C:\WINDOWS\SYSTEM32\windows.staterepositorycore.dll

dbghelp: loaded successfully - version: 4.0.5 - missing functions: none
symbol engine: initialized successfully - sym options: 0x614 - pdb path: .;C:\Program Files\Eclipse Adoptium\jdk-11.0.30.7-hotspot\bin;C:\WINDOWS\SYSTEM32;C:\WINDOWS\WinSxS\amd64_microsoft.windows.common-controls_6595b64144ccf1df_6.0.26100.4768_none_3e0c112ce331287c;C:\Program Files\Eclipse Adoptium\jdk-11.0.30.7-hotspot\bin\server;C:\WINDOWS\System32\DriverStore\FileRepository\nv_dispi.inf_amd64_adc55ecfca814224;C:\Users\nikol\AppData\Local\Temp\jna-104821741;C:\Users\nikol\AppData\Local\Temp\flatlaf.temp;C:\Users\nikol\AppData\Local\Temp;C:\ProgramData\obs-studio-hook;C:\Users\nikol\AppData\Local\Temp\lwjgl-rl\3.3.2+13\x64

VM Arguments:
jvm_args: --add-exports=java.desktop/com.apple.eawt=ALL-UNNAMED -Dfile.encoding=windows-1252 -Duser.country=US -Duser.language=en -Duser.variant -ea 
java_command: com.runelite.poisondynamite.PoisonDynamitePluginTest --developer-mode --debug
java_class_path (initial): C:\dev\poison-dynamite\build\classes\java\test;C:\dev\poison-dynamite\build\resources\test;C:\dev\poison-dynamite\build\classes\java\main;C:\dev\poison-dynamite\build\resources\main;C:\Users\nikol\.gradle\caches\modules-2\files-2.1\junit\junit\4.12\2973d150c0dc1fefe998f834810d68f278ea58ec\junit-4.12.jar;C:\Users\nikol\.gradle\caches\modules-2\files-2.1\net.runelite\client\1.12.18\440e9b4288428999926bfa30b17fbccfc08afe12\client-1.12.18.jar;C:\Users\nikol\.gradle\caches\modules-2\files-2.1\net.runelite\jshell\1.12.18\77716bb8db728b87676e87828019f48ea9eee69c\jshell-1.12.18.jar;C:\Users\nikol\.gradle\caches\modules-2\files-2.1\org.hamcrest\hamcrest-core\1.3\42a25dc3219429f0e5d060061f71acb49bf010a0\hamcrest-core-1.3.jar;C:\Users\nikol\.gradle\caches\modules-2\files-2.1\net.runelite\runelite-api\1.12.18\a83c90d190054783e41ea6cf320d57040f3a489f\runelite-api-1.12.18.jar;C:\Users\nikol\.gradle\caches\modules-2\files-2.1\net.runelite.arn\http-api\1.2.21\e7bda4a7c24c789dee3d90abff142f92036a8965\http-api-1.2.21.jar;C:\Users\nikol\.gradle\caches\modules-2\files-2.1\net.runelite\discord\1.4\5e3d040c8c8922d3e8cb900f532d7c08a748d687\discord-1.4.jar;C:\Users\nikol\.gradle\caches\modules-2\files-2.1\net.runelite\rlawt\1.7\13d77af0fb8b62ccc7dfd2b27de3ead33c3b0979\rlawt-1.7.jar;C:\Users\nikol\.gradle\caches\modules-2\files-2.1\org.slf4j\slf4j-api\1.7.25\da76ca59f6a57ee3102f8f9bd9cee742973efa8a\slf4j-api-1.7.25.jar;C:\Users\nikol\.gradle\caches\modules-2\files-2.1\ch.qos.logback\logback-classic\1.2.9\7d495522b08a9a66084bf417e70eedf95ef706bc\logback-classic-1.2.9.jar;C:\Users\nikol\.gradle\caches\modules-2\files-2.1\net.sf.jopt-simple\jopt-simple\5.0.1\20f7d76f9d06033d68f1b8e58666e7c542e91f08\jopt-simple-5.0.1.jar;C:\Users\nikol\.gradle\caches\modules-2\files-2.1\com.google.guava\guava\23.2-jre\a1a3e54263d357d2ecadcb3f5e7eb6464c66fe93\guava-23.2-jre.jar;C:\Users\nikol\.gradle\caches\modules-2\files-2.1\com.google.inject\guice\4.1.0\faf9ee8ac09eafd1128091426dd
Launcher Type: SUN_STANDARD

[Global flags]
     intx CICompilerCount                          = 12                                        {product} {ergonomic}
     uint ConcGCThreads                            = 3                                         {product} {ergonomic}
     uint G1ConcRefinementThreads                  = 13                                        {product} {ergonomic}
   size_t G1HeapRegionSize                         = 2097152                                   {product} {ergonomic}
    uintx GCDrainStackTargetSize                   = 64                                        {product} {ergonomic}
   size_t InitialHeapSize                          = 524288000                                 {product} {ergonomic}
   size_t MarkStackSize                            = 4194304                                   {product} {ergonomic}
   size_t MaxHeapSize                              = 8367636480                                {product} {ergonomic}
   size_t MaxNewSize                               = 5020581888                                {product} {ergonomic}
   size_t MinHeapDeltaBytes                        = 2097152                                   {product} {ergonomic}
    uintx NonNMethodCodeHeapSize                   = 7594288                                {pd product} {ergonomic}
    uintx NonProfiledCodeHeapSize                  = 122031976                              {pd product} {ergonomic}
    uintx ProfiledCodeHeapSize                     = 122031976                              {pd product} {ergonomic}
    uintx ReservedCodeCacheSize                    = 251658240                              {pd product} {ergonomic}
     bool SegmentedCodeCache                       = true                                      {product} {ergonomic}
     bool UseCompressedClassPointers               = true                                 {lp64_product} {ergonomic}
     bool UseCompressedOops                        = true                                 {lp64_product} {ergonomic}
     bool UseG1GC                                  = true                                      {product} {ergonomic}
     bool UseLargePagesIndividualAllocation        = false                                  {pd product} {ergonomic}

Logging:
Log output configuration:
 #0: stdout all=warning uptime,level,tags
 #1: stderr all=off uptime,level,tags

Environment Variables:
JAVA_HOME=C:/Program Files/Eclipse Adoptium/jdk-11.0.30.7-hotspot
PATH=C:\Program Files\Git\mingw64\bin;C:\Program Files\Git\usr\bin;C:\Users\nikol\bin;C:\WINDOWS\system32;C:\WINDOWS;C:\WINDOWS\System32\Wbem;C:\WINDOWS\System32\WindowsPowerShell\v1.0;C:\WINDOWS\System32\OpenSSH;C:\Program Files\NVIDIA Corporation\NVIDIA App\NvDLISR;C:\Program Files (x86)\NVIDIA Corporation\PhysX\Common;C:\Program Files\Tailscale;C:\Program Files\Git\cmd;C:\Program Files\cursor\resources\app\bin;C:\Program Files\Amazon\AWSCLIV2;C:\Program Files\Docker\Docker\resources\bin;C:\Program Files\nodejs;C:\Users\nikol\AppData\Local\pnpm;C:\Users\nikol\AppData\Local\Microsoft\WindowsApps;C:\Users\nikol\.local\bin;C:\Users\nikol\AppData\Local\Programs\Warp\bin;C:\Users\nikol\AppData\Local\Programs\cursor\resources\app\bin;C:\Users\nikol\AppData\Roaming\npm
USERNAME=nikol
SHELL=C:\Program Files\Git\usr\bin\bash.exe
TERM=xterm-256color
OS=Windows_NT
PROCESSOR_IDENTIFIER=AMD64 Family 26 Model 68 Stepping 0, AuthenticAMD
TMP=C:\Users\nikol\AppData\Local\Temp
TEMP=C:\Users\nikol\AppData\Local\Temp



---------------  S Y S T E M  ---------------

OS: Windows 11 , 64 bit Build 26100 (10.0.26100.4768)
OS uptime: 0 days 2:10 hours
Hyper-V role detected

CPU:total 16 (initial active 16) (16 cores per cpu, 2 threads per core) family 26 model 68 stepping 0 microcode 0xb404023, cmov, cx8, fxsr, mmx, sse, sse2, sse3, ssse3, sse4.1, sse4.2, popcnt, avx, avx2, aes, clmul, erms, mmxext, 3dnowpref, lzcnt, sse4a, ht, tsc, tscinvbit, tscinv, bmi1, bmi2, adx, evex, sha, fma

Memory: 4k page, system-wide physical 31912M (16364M free)
TotalPageFile size 33960M (AvailPageFile size 13824M)
current process WorkingSet (physical memory assigned to process): 1042M, peak: 1178M
current process commit charge ("private bytes"): 1363M, peak: 1519M

vm_info: OpenJDK 64-Bit Server VM (11.0.30+7) for windows-amd64 JRE (11.0.30+7), built on Jan 21 2026 06:15:59 by "" with MS VC++ 17.7 (VS2022)

END.
